mode: set
healthcare/controllers/admin.go:19.110,21.29 1 0
healthcare/controllers/admin.go:21.29,23.3 1 0
healthcare/controllers/admin.go:25.2,36.25 7 0
healthcare/controllers/admin.go:36.25,38.3 1 0
healthcare/controllers/admin.go:40.2,40.26 1 0
healthcare/controllers/admin.go:40.26,42.3 1 0
healthcare/controllers/admin.go:44.2,44.29 1 0
healthcare/controllers/admin.go:48.49,51.46 2 0
healthcare/controllers/admin.go:51.46,53.3 1 0
healthcare/controllers/admin.go:55.2,55.60 1 0
healthcare/controllers/admin.go:55.60,57.3 1 0
healthcare/controllers/admin.go:59.2,60.94 2 0
healthcare/controllers/admin.go:60.94,62.3 1 0
healthcare/controllers/admin.go:64.2,64.134 1 0
healthcare/controllers/admin.go:64.134,66.3 1 0
healthcare/controllers/admin.go:68.2,69.16 2 0
healthcare/controllers/admin.go:69.16,71.3 1 0
healthcare/controllers/admin.go:72.2,75.94 3 0
healthcare/controllers/admin.go:79.50,84.46 3 0
healthcare/controllers/admin.go:84.46,86.3 1 0
healthcare/controllers/admin.go:88.2,90.25 3 0
healthcare/controllers/admin.go:90.25,92.3 1 0
healthcare/controllers/admin.go:94.2,98.97 3 0
healthcare/controllers/admin.go:102.65,105.16 2 0
healthcare/controllers/admin.go:105.16,107.3 1 0
healthcare/controllers/admin.go:109.2,111.26 3 0
healthcare/controllers/admin.go:111.26,113.3 1 0
healthcare/controllers/admin.go:116.2,118.25 3 0
healthcare/controllers/admin.go:118.25,120.3 1 0
healthcare/controllers/admin.go:122.2,123.47 2 0
healthcare/controllers/admin.go:123.47,125.3 1 0
healthcare/controllers/admin.go:128.2,128.61 1 0
healthcare/controllers/admin.go:128.61,130.3 1 0
healthcare/controllers/admin.go:132.2,133.25 2 0
healthcare/controllers/admin.go:133.25,135.3 1 0
healthcare/controllers/admin.go:137.2,140.25 3 0
healthcare/controllers/admin.go:140.25,142.3 1 0
healthcare/controllers/admin.go:144.2,144.108 1 0
healthcare/controllers/admin.go:147.54,149.9 2 0
healthcare/controllers/admin.go:149.9,151.3 1 0
healthcare/controllers/admin.go:153.2,154.63 2 0
healthcare/controllers/admin.go:154.63,157.3 1 0
healthcare/controllers/admin.go:159.2,161.108 2 0
healthcare/controllers/admin.go:165.68,167.16 2 0
healthcare/controllers/admin.go:167.16,169.3 1 0
healthcare/controllers/admin.go:171.2,172.16 2 0
healthcare/controllers/admin.go:172.16,174.3 1 0
healthcare/controllers/admin.go:176.2,181.24 4 0
healthcare/controllers/admin.go:181.24,183.3 1 0
healthcare/controllers/admin.go:185.2,185.53 1 0
healthcare/controllers/admin.go:185.53,188.3 2 0
healthcare/controllers/admin.go:191.2,196.37 4 0
healthcare/controllers/admin.go:196.37,198.3 1 0
healthcare/controllers/admin.go:199.2,199.35 1 0
healthcare/controllers/admin.go:199.35,201.3 1 0
healthcare/controllers/admin.go:202.2,204.34 2 0
healthcare/controllers/admin.go:204.34,206.3 1 0
healthcare/controllers/admin.go:208.2,211.134 3 0
healthcare/controllers/admin.go:214.63,220.25 3 0
healthcare/controllers/admin.go:220.25,222.3 1 0
healthcare/controllers/admin.go:223.2,223.98 1 0
healthcare/controllers/admin.go:223.98,225.3 1 0
healthcare/controllers/admin.go:227.2,227.31 1 0
healthcare/controllers/admin.go:227.31,229.3 1 0
healthcare/controllers/admin.go:231.2,232.123 2 0
healthcare/controllers/admin.go:235.47,237.49 2 0
healthcare/controllers/admin.go:237.49,239.6 1 0
healthcare/controllers/admin.go:241.5,241.63 1 0
healthcare/controllers/admin.go:241.63,243.6 1 0
healthcare/controllers/admin.go:246.5,246.98 1 0
healthcare/controllers/admin.go:246.98,248.6 1 0
healthcare/controllers/admin.go:251.5,251.142 1 0
healthcare/controllers/admin.go:251.142,253.6 1 0
healthcare/controllers/admin.go:256.5,256.98 1 0
healthcare/controllers/admin.go:256.98,258.6 1 0
healthcare/controllers/admin.go:260.5,260.113 1 0
healthcare/controllers/admin.go:264.51,266.44 2 0
healthcare/controllers/admin.go:266.44,268.3 1 0
healthcare/controllers/admin.go:270.2,270.58 1 0
healthcare/controllers/admin.go:270.58,272.3 1 0
healthcare/controllers/admin.go:274.2,274.81 1 0
healthcare/controllers/admin.go:274.81,276.3 1 0
healthcare/controllers/admin.go:278.2,278.97 1 0
healthcare/controllers/admin.go:281.43,283.53 2 0
healthcare/controllers/admin.go:283.53,285.3 1 0
healthcare/controllers/admin.go:287.2,287.67 1 0
healthcare/controllers/admin.go:287.67,289.3 1 0
healthcare/controllers/admin.go:292.2,292.108 1 0
healthcare/controllers/admin.go:292.108,294.3 1 0
healthcare/controllers/admin.go:296.2,296.106 1 0
healthcare/controllers/article.go:20.42,25.41 3 0
healthcare/controllers/article.go:25.41,27.3 1 0
healthcare/controllers/article.go:28.2,28.55 1 0
healthcare/controllers/article.go:28.55,30.3 1 0
healthcare/controllers/article.go:32.2,33.16 2 0
healthcare/controllers/article.go:33.16,35.3 1 0
healthcare/controllers/article.go:36.2,38.36 2 0
healthcare/controllers/article.go:38.36,40.3 1 0
healthcare/controllers/article.go:42.2,45.45 4 0
healthcare/controllers/article.go:45.45,46.22 1 0
healthcare/controllers/article.go:46.22,48.9 2 0
healthcare/controllers/article.go:51.2,51.14 1 0
healthcare/controllers/article.go:51.14,53.3 1 0
healthcare/controllers/article.go:55.2,56.16 2 0
healthcare/controllers/article.go:56.16,58.3 1 0
healthcare/controllers/article.go:60.2,65.65 4 0
healthcare/controllers/article.go:65.65,67.3 1 0
healthcare/controllers/article.go:69.2,69.106 1 0
healthcare/controllers/article.go:72.46,75.16 2 0
healthcare/controllers/article.go:75.16,77.3 1 0
healthcare/controllers/article.go:79.2,83.25 4 0
healthcare/controllers/article.go:83.25,85.3 1 0
healthcare/controllers/article.go:87.2,89.47 2 0
healthcare/controllers/article.go:89.47,91.3 1 0
healthcare/controllers/article.go:92.2,92.61 1 0
healthcare/controllers/article.go:92.61,94.3 1 0
healthcare/controllers/article.go:96.2,96.72 1 0
healthcare/controllers/article.go:96.72,102.46 5 0
healthcare/controllers/article.go:102.46,103.23 1 0
healthcare/controllers/article.go:103.23,105.10 2 0
healthcare/controllers/article.go:108.3,108.15 1 0
healthcare/controllers/article.go:108.15,110.4 1 0
healthcare/controllers/article.go:112.3,112.37 1 0
healthcare/controllers/article.go:112.37,114.4 1 0
healthcare/controllers/article.go:116.3,117.17 2 0
healthcare/controllers/article.go:117.17,119.4 1 0
healthcare/controllers/article.go:121.3,121.30 1 0
healthcare/controllers/article.go:123.8,123.39 1 0
healthcare/controllers/article.go:123.39,126.3 1 0
healthcare/controllers/article.go:126.8,128.3 1 0
healthcare/controllers/article.go:130.2,131.25 2 0
healthcare/controllers/article.go:131.25,133.3 1 0
healthcare/controllers/article.go:135.2,135.101 1 0
healthcare/controllers/article.go:139.116,141.29 1 0
healthcare/controllers/article.go:141.29,143.3 1 0
healthcare/controllers/article.go:145.2,156.25 7 0
healthcare/controllers/article.go:156.25,158.3 1 0
healthcare/controllers/article.go:160.2,160.26 1 0
healthcare/controllers/article.go:160.26,162.3 1 0
healthcare/controllers/article.go:164.2,164.29 1 0
healthcare/controllers/article.go:167.43,171.16 3 0
healthcare/controllers/article.go:171.16,173.3 1 0
healthcare/controllers/article.go:175.2,177.16 2 0
healthcare/controllers/article.go:177.16,179.3 1 0
healthcare/controllers/article.go:181.2,184.16 3 0
healthcare/controllers/article.go:184.16,185.49 1 0
healthcare/controllers/article.go:185.49,187.4 1 0
healthcare/controllers/article.go:188.3,188.83 1 0
healthcare/controllers/article.go:191.2,195.118 3 0
healthcare/controllers/article.go:198.43,200.16 2 0
healthcare/controllers/article.go:200.16,202.3 1 0
healthcare/controllers/article.go:204.2,206.67 2 0
healthcare/controllers/article.go:206.67,208.3 1 0
healthcare/controllers/article.go:210.2,212.92 2 0
healthcare/controllers/article.go:215.50,217.17 2 0
healthcare/controllers/article.go:217.17,219.3 1 0
healthcare/controllers/article.go:221.2,222.16 2 0
healthcare/controllers/article.go:222.16,224.3 1 0
healthcare/controllers/article.go:226.2,227.16 2 0
healthcare/controllers/article.go:227.16,229.3 1 0
healthcare/controllers/article.go:231.2,241.16 7 0
healthcare/controllers/article.go:241.16,243.3 1 0
healthcare/controllers/article.go:245.2,245.24 1 0
healthcare/controllers/article.go:245.24,247.3 1 0
healthcare/controllers/article.go:249.2,252.117 3 0
healthcare/controllers/article.go:255.46,259.16 3 0
healthcare/controllers/article.go:259.16,261.3 1 0
healthcare/controllers/article.go:263.2,265.25 3 0
healthcare/controllers/article.go:265.25,267.3 1 0
healthcare/controllers/article.go:269.2,269.66 1 0
healthcare/controllers/article.go:269.66,271.3 1 0
healthcare/controllers/article.go:273.2,273.101 1 0
healthcare/controllers/article.go:279.49,283.16 3 0
healthcare/controllers/article.go:283.16,285.3 1 0
healthcare/controllers/article.go:287.2,288.16 2 0
healthcare/controllers/article.go:288.16,290.3 1 0
healthcare/controllers/article.go:292.2,302.16 7 0
healthcare/controllers/article.go:302.16,304.3 1 0
healthcare/controllers/article.go:306.2,306.24 1 0
healthcare/controllers/article.go:306.24,308.3 1 0
healthcare/controllers/article.go:310.2,313.118 3 0
healthcare/controllers/article.go:316.49,322.110 4 0
healthcare/controllers/article.go:322.110,324.3 1 0
healthcare/controllers/article.go:326.2,328.102 2 0
healthcare/controllers/chatbot.go:19.36,22.16 3 0
healthcare/controllers/chatbot.go:22.16,24.3 1 0
healthcare/controllers/chatbot.go:26.2,26.56 1 0
healthcare/controllers/chatbot.go:26.56,28.3 1 0
healthcare/controllers/chatbot.go:30.2,44.16 3 0
healthcare/controllers/chatbot.go:44.16,46.3 1 0
healthcare/controllers/chatbot.go:48.2,48.59 1 0
healthcare/controllers/chatbot.go:48.59,50.3 1 0
healthcare/controllers/chatbot.go:52.2,53.59 2 0
healthcare/controllers/chatbot.go:53.59,55.3 1 0
healthcare/controllers/chatbot.go:55.8,57.3 1 0
healthcare/controllers/chatbot.go:60.44,63.16 3 0
healthcare/controllers/chatbot.go:63.16,65.3 1 0
healthcare/controllers/chatbot.go:67.2,67.56 1 0
healthcare/controllers/chatbot.go:67.56,69.3 1 0
healthcare/controllers/chatbot.go:71.2,71.75 1 0
healthcare/controllers/chatbot.go:71.75,75.3 2 0
healthcare/controllers/chatbot.go:75.8,75.80 1 0
healthcare/controllers/chatbot.go:75.80,79.3 2 0
healthcare/controllers/chatbot.go:79.8,79.85 1 0
healthcare/controllers/chatbot.go:79.85,82.3 2 0
healthcare/controllers/chatbot.go:82.8,85.3 2 0
healthcare/controllers/checkout.go:21.53,24.9 2 1
healthcare/controllers/checkout.go:24.9,26.3 1 1
healthcare/controllers/checkout.go:28.2,32.42 3 1
healthcare/controllers/checkout.go:32.42,34.3 1 1
healthcare/controllers/checkout.go:36.2,36.56 1 1
healthcare/controllers/checkout.go:36.56,38.3 1 1
healthcare/controllers/checkout.go:41.2,42.16 2 1
healthcare/controllers/checkout.go:42.16,44.3 1 0
healthcare/controllers/checkout.go:46.2,47.16 2 1
healthcare/controllers/checkout.go:47.16,49.3 1 0
healthcare/controllers/checkout.go:50.2,55.45 5 1
healthcare/controllers/checkout.go:55.45,56.22 1 1
healthcare/controllers/checkout.go:56.22,58.9 2 1
healthcare/controllers/checkout.go:61.2,61.14 1 1
healthcare/controllers/checkout.go:61.14,63.3 1 0
healthcare/controllers/checkout.go:65.2,66.16 2 1
healthcare/controllers/checkout.go:66.16,68.3 1 0
healthcare/controllers/checkout.go:70.2,73.132 3 1
healthcare/controllers/checkout.go:73.132,75.3 1 1
healthcare/controllers/checkout.go:77.2,78.126 2 1
healthcare/controllers/checkout.go:78.126,79.50 1 1
healthcare/controllers/checkout.go:79.50,81.4 1 0
healthcare/controllers/checkout.go:82.3,82.50 1 1
healthcare/controllers/checkout.go:82.50,84.4 1 0
healthcare/controllers/checkout.go:87.2,88.66 2 1
healthcare/controllers/checkout.go:88.66,90.3 1 0
healthcare/controllers/checkout.go:92.2,92.115 1 1
healthcare/controllers/checkout.go:92.115,94.3 1 0
healthcare/controllers/checkout.go:96.2,97.124 2 1
healthcare/controllers/checkout.go:97.124,99.3 1 0
healthcare/controllers/checkout.go:101.2,103.112 2 1
healthcare/controllers/checkout.go:107.54,110.9 2 1
healthcare/controllers/checkout.go:110.9,112.3 1 1
healthcare/controllers/checkout.go:114.2,117.16 3 1
healthcare/controllers/checkout.go:117.16,119.3 1 1
healthcare/controllers/checkout.go:121.2,123.16 2 1
healthcare/controllers/checkout.go:123.16,125.3 1 1
healthcare/controllers/checkout.go:127.2,133.16 4 1
healthcare/controllers/checkout.go:133.16,134.49 1 1
healthcare/controllers/checkout.go:134.49,136.4 1 1
healthcare/controllers/checkout.go:137.3,137.72 1 0
healthcare/controllers/checkout.go:140.2,144.119 3 1
healthcare/controllers/checkout.go:147.156,148.29 1 1
healthcare/controllers/checkout.go:148.29,150.3 1 0
healthcare/controllers/checkout.go:152.2,159.25 4 1
healthcare/controllers/checkout.go:159.25,161.3 1 1
healthcare/controllers/checkout.go:163.2,172.25 5 1
healthcare/controllers/checkout.go:172.25,174.3 1 0
healthcare/controllers/checkout.go:176.2,176.26 1 1
healthcare/controllers/checkout.go:176.26,178.3 1 1
healthcare/controllers/checkout.go:180.2,180.29 1 1
healthcare/controllers/checkout.go:183.58,186.9 2 1
healthcare/controllers/checkout.go:186.9,188.3 1 1
healthcare/controllers/checkout.go:190.2,191.16 2 1
healthcare/controllers/checkout.go:191.16,193.3 1 1
healthcare/controllers/checkout.go:195.2,202.25 3 1
healthcare/controllers/checkout.go:202.25,204.3 1 1
healthcare/controllers/checkout.go:206.2,208.103 2 1
healthcare/controllers/checkout.go:212.53,214.16 2 1
healthcare/controllers/checkout.go:214.16,216.3 1 1
healthcare/controllers/checkout.go:218.2,221.25 3 1
healthcare/controllers/checkout.go:221.25,223.3 1 1
healthcare/controllers/checkout.go:225.2,226.56 2 1
healthcare/controllers/checkout.go:226.56,228.3 1 1
healthcare/controllers/checkout.go:230.2,232.48 2 1
healthcare/controllers/checkout.go:232.48,234.74 2 1
healthcare/controllers/checkout.go:234.74,236.4 1 1
healthcare/controllers/checkout.go:239.2,239.50 1 1
healthcare/controllers/checkout.go:239.50,242.68 1 0
healthcare/controllers/checkout.go:242.68,244.4 1 0
healthcare/controllers/checkout.go:247.2,248.25 2 1
healthcare/controllers/checkout.go:248.25,250.3 1 0
healthcare/controllers/checkout.go:252.2,253.116 2 1
healthcare/controllers/checkout.go:253.116,255.3 1 0
healthcare/controllers/checkout.go:257.2,259.107 2 1
healthcare/controllers/checkout.go:262.66,263.37 1 1
healthcare/controllers/checkout.go:263.37,265.74 2 1
healthcare/controllers/checkout.go:265.74,267.4 1 0
healthcare/controllers/checkout.go:269.3,269.35 1 1
healthcare/controllers/checkout.go:269.35,271.4 1 1
healthcare/controllers/checkout.go:273.3,274.85 2 1
healthcare/controllers/checkout.go:274.85,276.4 1 0
healthcare/controllers/checkout.go:278.2,278.12 1 1
healthcare/controllers/checkout.go:282.55,286.16 3 1
healthcare/controllers/checkout.go:286.16,288.3 1 1
healthcare/controllers/checkout.go:290.2,291.16 2 1
healthcare/controllers/checkout.go:291.16,293.3 1 1
healthcare/controllers/checkout.go:295.2,300.21 4 1
healthcare/controllers/checkout.go:300.21,302.17 2 1
healthcare/controllers/checkout.go:302.17,304.4 1 1
healthcare/controllers/checkout.go:307.2,311.16 3 1
healthcare/controllers/checkout.go:311.16,312.49 1 1
healthcare/controllers/checkout.go:312.49,314.4 1 1
healthcare/controllers/checkout.go:315.3,315.72 1 0
healthcare/controllers/checkout.go:318.2,322.119 3 1
healthcare/controllers/checkout.go:325.149,326.29 1 1
healthcare/controllers/checkout.go:326.29,328.3 1 0
healthcare/controllers/checkout.go:330.2,337.17 4 1
healthcare/controllers/checkout.go:337.17,339.3 1 1
healthcare/controllers/checkout.go:341.2,341.25 1 1
healthcare/controllers/checkout.go:341.25,343.3 1 1
healthcare/controllers/checkout.go:345.2,354.25 5 1
healthcare/controllers/checkout.go:354.25,356.3 1 0
healthcare/controllers/checkout.go:358.2,358.26 1 1
healthcare/controllers/checkout.go:358.26,360.3 1 1
healthcare/controllers/checkout.go:362.2,362.29 1 1
healthcare/controllers/checkout.go:365.59,368.16 2 1
healthcare/controllers/checkout.go:368.16,370.3 1 1
healthcare/controllers/checkout.go:372.2,379.25 3 1
healthcare/controllers/checkout.go:379.25,381.3 1 1
healthcare/controllers/checkout.go:383.2,385.103 2 1
healthcare/controllers/doctor-transaction.go:19.179,21.29 1 0
healthcare/controllers/doctor-transaction.go:21.29,23.3 1 0
healthcare/controllers/doctor-transaction.go:25.2,30.25 4 0
healthcare/controllers/doctor-transaction.go:30.25,32.3 1 0
healthcare/controllers/doctor-transaction.go:34.2,40.25 4 0
healthcare/controllers/doctor-transaction.go:40.25,42.3 1 0
healthcare/controllers/doctor-transaction.go:44.2,44.26 1 0
healthcare/controllers/doctor-transaction.go:44.26,46.3 1 0
healthcare/controllers/doctor-transaction.go:48.2,48.29 1 0
healthcare/controllers/doctor-transaction.go:52.62,55.9 2 0
healthcare/controllers/doctor-transaction.go:55.9,57.3 1 0
healthcare/controllers/doctor-transaction.go:59.2,60.16 2 0
healthcare/controllers/doctor-transaction.go:60.16,62.3 1 0
healthcare/controllers/doctor-transaction.go:64.2,66.58 2 0
healthcare/controllers/doctor-transaction.go:66.58,68.3 1 0
healthcare/controllers/doctor-transaction.go:70.2,71.16 2 0
healthcare/controllers/doctor-transaction.go:71.16,73.3 1 0
healthcare/controllers/doctor-transaction.go:75.2,76.16 2 0
healthcare/controllers/doctor-transaction.go:76.16,78.3 1 0
healthcare/controllers/doctor-transaction.go:79.2,81.36 2 0
healthcare/controllers/doctor-transaction.go:81.36,83.3 1 0
healthcare/controllers/doctor-transaction.go:85.2,88.45 4 0
healthcare/controllers/doctor-transaction.go:88.45,89.22 1 0
healthcare/controllers/doctor-transaction.go:89.22,91.9 2 0
healthcare/controllers/doctor-transaction.go:94.2,94.14 1 0
healthcare/controllers/doctor-transaction.go:94.14,96.3 1 0
healthcare/controllers/doctor-transaction.go:98.2,99.16 2 0
healthcare/controllers/doctor-transaction.go:99.16,101.3 1 0
healthcare/controllers/doctor-transaction.go:103.2,105.72 2 0
healthcare/controllers/doctor-transaction.go:105.72,107.3 1 0
healthcare/controllers/doctor-transaction.go:109.2,111.49 2 0
healthcare/controllers/doctor-transaction.go:111.49,113.3 1 0
healthcare/controllers/doctor-transaction.go:115.2,117.94 2 0
healthcare/controllers/doctor-transaction.go:117.94,119.3 1 0
healthcare/controllers/doctor-transaction.go:121.2,123.68 2 0
healthcare/controllers/doctor-transaction.go:123.68,125.3 1 0
healthcare/controllers/doctor-transaction.go:127.2,129.110 2 0
healthcare/controllers/doctor-transaction.go:133.59,136.9 2 0
healthcare/controllers/doctor-transaction.go:136.9,138.3 1 0
healthcare/controllers/doctor-transaction.go:140.2,141.16 2 0
healthcare/controllers/doctor-transaction.go:141.16,143.3 1 0
healthcare/controllers/doctor-transaction.go:145.2,147.116 2 0
healthcare/controllers/doctor-transaction.go:147.116,149.3 1 0
healthcare/controllers/doctor-transaction.go:151.2,152.94 2 0
healthcare/controllers/doctor-transaction.go:152.94,154.3 1 0
healthcare/controllers/doctor-transaction.go:156.2,158.114 2 0
healthcare/controllers/doctor-transaction.go:163.63,166.9 2 0
healthcare/controllers/doctor-transaction.go:166.9,168.3 1 0
healthcare/controllers/doctor-transaction.go:170.2,173.16 3 0
healthcare/controllers/doctor-transaction.go:173.16,175.3 1 0
healthcare/controllers/doctor-transaction.go:177.2,178.16 2 0
healthcare/controllers/doctor-transaction.go:178.16,180.3 1 0
healthcare/controllers/doctor-transaction.go:182.2,184.49 2 0
healthcare/controllers/doctor-transaction.go:184.49,186.3 1 0
healthcare/controllers/doctor-transaction.go:189.2,189.25 1 0
healthcare/controllers/doctor-transaction.go:189.25,194.17 3 0
healthcare/controllers/doctor-transaction.go:194.17,196.4 1 0
healthcare/controllers/doctor-transaction.go:198.3,199.17 2 0
healthcare/controllers/doctor-transaction.go:199.17,201.4 1 0
healthcare/controllers/doctor-transaction.go:203.3,204.56 2 0
healthcare/controllers/doctor-transaction.go:204.56,208.18 3 0
healthcare/controllers/doctor-transaction.go:208.18,210.5 1 0
healthcare/controllers/doctor-transaction.go:212.4,212.112 1 0
healthcare/controllers/doctor-transaction.go:215.3,215.34 1 0
healthcare/controllers/doctor-transaction.go:215.34,217.4 1 0
healthcare/controllers/doctor-transaction.go:219.3,221.131 2 0
healthcare/controllers/doctor-transaction.go:226.2,229.16 3 0
healthcare/controllers/doctor-transaction.go:229.16,231.3 1 0
healthcare/controllers/doctor-transaction.go:233.2,234.55 2 0
healthcare/controllers/doctor-transaction.go:234.55,238.17 3 0
healthcare/controllers/doctor-transaction.go:238.17,240.4 1 0
healthcare/controllers/doctor-transaction.go:242.3,242.107 1 0
healthcare/controllers/doctor-transaction.go:245.2,245.34 1 0
healthcare/controllers/doctor-transaction.go:245.34,247.3 1 0
healthcare/controllers/doctor-transaction.go:249.2,251.130 2 0
healthcare/controllers/doctor.go:23.112,25.29 1 1
healthcare/controllers/doctor.go:25.29,27.3 1 0
healthcare/controllers/doctor.go:29.2,40.25 7 1
healthcare/controllers/doctor.go:40.25,42.3 1 0
healthcare/controllers/doctor.go:44.2,44.26 1 1
healthcare/controllers/doctor.go:44.26,46.3 1 0
healthcare/controllers/doctor.go:48.2,48.29 1 1
healthcare/controllers/doctor.go:52.60,55.40 2 1
healthcare/controllers/doctor.go:55.40,57.3 1 1
healthcare/controllers/doctor.go:58.2,58.54 1 1
healthcare/controllers/doctor.go:58.54,60.3 1 1
healthcare/controllers/doctor.go:62.2,65.16 3 0
healthcare/controllers/doctor.go:65.16,67.3 1 0
healthcare/controllers/doctor.go:69.2,70.16 2 0
healthcare/controllers/doctor.go:70.16,72.3 1 0
healthcare/controllers/doctor.go:73.2,75.36 2 0
healthcare/controllers/doctor.go:75.36,77.3 1 0
healthcare/controllers/doctor.go:79.2,82.45 4 0
healthcare/controllers/doctor.go:82.45,83.22 1 0
healthcare/controllers/doctor.go:83.22,85.9 2 0
healthcare/controllers/doctor.go:88.2,88.14 1 0
healthcare/controllers/doctor.go:88.14,90.3 1 0
healthcare/controllers/doctor.go:92.2,93.16 2 0
healthcare/controllers/doctor.go:93.16,95.3 1 0
healthcare/controllers/doctor.go:97.2,99.125 2 0
healthcare/controllers/doctor.go:99.125,101.3 1 0
healthcare/controllers/doctor.go:104.2,110.64 3 0
healthcare/controllers/doctor.go:110.64,112.3 1 0
healthcare/controllers/doctor.go:115.2,117.16 3 0
healthcare/controllers/doctor.go:117.16,119.3 1 0
healthcare/controllers/doctor.go:121.2,123.94 2 0
healthcare/controllers/doctor.go:127.50,130.46 2 1
healthcare/controllers/doctor.go:130.46,132.3 1 0
healthcare/controllers/doctor.go:134.2,134.60 1 1
healthcare/controllers/doctor.go:134.60,136.3 1 1
healthcare/controllers/doctor.go:138.2,139.118 2 1
healthcare/controllers/doctor.go:139.118,141.3 1 0
healthcare/controllers/doctor.go:143.2,143.87 1 1
healthcare/controllers/doctor.go:143.87,145.3 1 1
healthcare/controllers/doctor.go:148.2,149.16 2 1
healthcare/controllers/doctor.go:149.16,151.3 1 0
healthcare/controllers/doctor.go:153.2,156.24 3 1
healthcare/controllers/doctor.go:156.24,159.131 3 1
healthcare/controllers/doctor.go:159.131,161.4 1 0
healthcare/controllers/doctor.go:164.2,164.95 1 1
healthcare/controllers/doctor.go:167.47,169.16 2 1
healthcare/controllers/doctor.go:169.16,171.3 1 1
healthcare/controllers/doctor.go:173.2,174.16 2 1
healthcare/controllers/doctor.go:174.16,176.3 1 1
healthcare/controllers/doctor.go:178.2,188.16 7 1
healthcare/controllers/doctor.go:188.16,190.3 1 0
healthcare/controllers/doctor.go:192.2,192.23 1 1
healthcare/controllers/doctor.go:192.23,194.3 1 0
healthcare/controllers/doctor.go:196.2,199.117 3 1
healthcare/controllers/doctor.go:202.48,205.22 2 1
healthcare/controllers/doctor.go:205.22,207.3 1 1
healthcare/controllers/doctor.go:209.2,210.16 2 1
healthcare/controllers/doctor.go:210.16,212.3 1 1
healthcare/controllers/doctor.go:214.2,215.16 2 1
healthcare/controllers/doctor.go:215.16,217.3 1 1
healthcare/controllers/doctor.go:219.2,229.16 7 1
healthcare/controllers/doctor.go:229.16,231.3 1 0
healthcare/controllers/doctor.go:233.2,233.23 1 1
healthcare/controllers/doctor.go:233.23,235.3 1 0
healthcare/controllers/doctor.go:237.2,240.117 3 1
healthcare/controllers/doctor.go:244.55,246.9 2 1
healthcare/controllers/doctor.go:246.9,248.3 1 1
healthcare/controllers/doctor.go:250.2,251.66 2 1
healthcare/controllers/doctor.go:251.66,253.3 1 0
healthcare/controllers/doctor.go:255.2,257.109 2 1
healthcare/controllers/doctor.go:261.58,266.16 3 1
healthcare/controllers/doctor.go:266.16,268.3 1 1
healthcare/controllers/doctor.go:270.2,272.16 2 1
healthcare/controllers/doctor.go:272.16,274.3 1 1
healthcare/controllers/doctor.go:276.2,278.16 3 1
healthcare/controllers/doctor.go:278.16,279.49 1 0
healthcare/controllers/doctor.go:279.49,281.4 1 0
healthcare/controllers/doctor.go:282.3,282.83 1 0
healthcare/controllers/doctor.go:285.2,289.116 3 1
healthcare/controllers/doctor.go:293.51,295.9 2 0
healthcare/controllers/doctor.go:295.9,297.3 1 0
healthcare/controllers/doctor.go:300.2,302.25 3 0
healthcare/controllers/doctor.go:302.25,304.3 1 0
healthcare/controllers/doctor.go:307.2,308.47 2 0
healthcare/controllers/doctor.go:308.47,310.3 1 0
healthcare/controllers/doctor.go:313.2,314.152 2 0
healthcare/controllers/doctor.go:314.152,316.3 1 0
healthcare/controllers/doctor.go:319.2,319.61 1 0
healthcare/controllers/doctor.go:319.61,321.3 1 0
healthcare/controllers/doctor.go:324.2,324.34 1 0
healthcare/controllers/doctor.go:324.34,326.3 1 0
healthcare/controllers/doctor.go:328.2,329.16 2 0
healthcare/controllers/doctor.go:329.16,331.3 1 0
healthcare/controllers/doctor.go:333.2,334.16 2 0
healthcare/controllers/doctor.go:334.16,337.37 2 0
healthcare/controllers/doctor.go:337.37,339.4 1 0
healthcare/controllers/doctor.go:341.3,344.46 4 0
healthcare/controllers/doctor.go:344.46,345.23 1 0
healthcare/controllers/doctor.go:345.23,347.10 2 0
healthcare/controllers/doctor.go:350.3,350.15 1 0
healthcare/controllers/doctor.go:350.15,352.4 1 0
healthcare/controllers/doctor.go:354.3,355.17 2 0
healthcare/controllers/doctor.go:355.17,357.4 1 0
healthcare/controllers/doctor.go:359.3,359.48 1 0
healthcare/controllers/doctor.go:363.2,363.87 1 0
healthcare/controllers/doctor.go:363.87,365.3 1 0
healthcare/controllers/doctor.go:367.2,370.113 3 0
healthcare/controllers/doctor.go:374.58,376.16 2 0
healthcare/controllers/doctor.go:376.16,378.3 1 0
healthcare/controllers/doctor.go:381.2,383.25 3 0
healthcare/controllers/doctor.go:383.25,385.3 1 0
healthcare/controllers/doctor.go:388.2,389.47 2 0
healthcare/controllers/doctor.go:389.47,391.3 1 0
healthcare/controllers/doctor.go:394.2,395.152 2 0
healthcare/controllers/doctor.go:395.152,397.3 1 0
healthcare/controllers/doctor.go:400.2,400.61 1 0
healthcare/controllers/doctor.go:400.61,402.3 1 0
healthcare/controllers/doctor.go:405.2,405.34 1 0
healthcare/controllers/doctor.go:405.34,407.3 1 0
healthcare/controllers/doctor.go:409.2,410.16 2 0
healthcare/controllers/doctor.go:410.16,412.3 1 0
healthcare/controllers/doctor.go:414.2,415.16 2 0
healthcare/controllers/doctor.go:415.16,418.37 2 0
healthcare/controllers/doctor.go:418.37,420.4 1 0
healthcare/controllers/doctor.go:422.3,425.46 4 0
healthcare/controllers/doctor.go:425.46,426.23 1 0
healthcare/controllers/doctor.go:426.23,428.10 2 0
healthcare/controllers/doctor.go:431.3,431.15 1 0
healthcare/controllers/doctor.go:431.15,433.4 1 0
healthcare/controllers/doctor.go:435.3,436.17 2 0
healthcare/controllers/doctor.go:436.17,438.4 1 0
healthcare/controllers/doctor.go:440.3,440.48 1 0
healthcare/controllers/doctor.go:444.2,444.87 1 0
healthcare/controllers/doctor.go:444.87,446.3 1 0
healthcare/controllers/doctor.go:448.2,451.113 3 0
healthcare/controllers/doctor.go:455.51,457.9 2 1
healthcare/controllers/doctor.go:457.9,459.3 1 1
healthcare/controllers/doctor.go:461.2,463.25 3 1
healthcare/controllers/doctor.go:463.25,465.3 1 0
healthcare/controllers/doctor.go:467.2,467.65 1 1
healthcare/controllers/doctor.go:467.65,469.3 1 0
healthcare/controllers/doctor.go:471.2,471.108 1 1
healthcare/controllers/doctor.go:475.58,478.16 2 1
healthcare/controllers/doctor.go:478.16,480.3 1 1
healthcare/controllers/doctor.go:483.2,485.25 3 1
healthcare/controllers/doctor.go:485.25,487.3 1 1
healthcare/controllers/doctor.go:490.2,491.25 2 1
healthcare/controllers/doctor.go:491.25,493.3 1 0
healthcare/controllers/doctor.go:495.2,495.89 1 1
healthcare/controllers/doctor.go:499.52,501.16 2 1
healthcare/controllers/doctor.go:501.16,503.3 1 1
healthcare/controllers/doctor.go:505.2,507.25 3 1
healthcare/controllers/doctor.go:507.25,509.3 1 1
healthcare/controllers/doctor.go:511.2,513.109 2 1
healthcare/controllers/doctor.go:517.57,519.16 2 1
healthcare/controllers/doctor.go:519.16,521.3 1 1
healthcare/controllers/doctor.go:523.2,525.25 3 1
healthcare/controllers/doctor.go:525.25,527.3 1 1
healthcare/controllers/doctor.go:529.2,531.95 2 1
healthcare/controllers/doctor.go:535.52,537.9 2 1
healthcare/controllers/doctor.go:537.9,539.3 1 0
healthcare/controllers/doctor.go:542.2,543.16 2 1
healthcare/controllers/doctor.go:543.16,545.3 1 1
healthcare/controllers/doctor.go:547.2,548.16 2 1
healthcare/controllers/doctor.go:548.16,550.3 1 1
healthcare/controllers/doctor.go:552.2,562.19 8 1
healthcare/controllers/doctor.go:562.19,568.3 1 1
healthcare/controllers/doctor.go:568.8,568.31 1 1
healthcare/controllers/doctor.go:568.31,571.3 1 1
healthcare/controllers/doctor.go:571.8,571.32 1 1
healthcare/controllers/doctor.go:571.32,574.3 1 1
healthcare/controllers/doctor.go:574.8,574.27 1 1
healthcare/controllers/doctor.go:574.27,579.3 1 1
healthcare/controllers/doctor.go:579.8,582.3 1 1
healthcare/controllers/doctor.go:585.2,585.85 1 1
healthcare/controllers/doctor.go:585.85,587.3 1 0
healthcare/controllers/doctor.go:590.2,593.54 2 1
healthcare/controllers/doctor.go:593.54,595.3 1 0
healthcare/controllers/doctor.go:597.2,597.26 1 1
healthcare/controllers/doctor.go:597.26,599.3 1 1
healthcare/controllers/doctor.go:601.2,602.47 2 1
healthcare/controllers/doctor.go:602.47,605.71 3 1
healthcare/controllers/doctor.go:605.71,606.46 1 0
healthcare/controllers/doctor.go:606.47,607.5 0 0
healthcare/controllers/doctor.go:607.10,609.5 1 0
healthcare/controllers/doctor.go:612.3,613.42 2 1
healthcare/controllers/doctor.go:616.2,618.129 2 1
healthcare/controllers/doctor.go:622.55,625.9 2 0
healthcare/controllers/doctor.go:625.9,627.3 1 0
healthcare/controllers/doctor.go:630.2,631.45 2 0
healthcare/controllers/doctor.go:631.45,633.3 1 0
healthcare/controllers/doctor.go:634.2,634.59 1 0
healthcare/controllers/doctor.go:634.59,636.3 1 0
healthcare/controllers/doctor.go:639.2,639.72 1 0
healthcare/controllers/doctor.go:639.72,641.3 1 0
healthcare/controllers/doctor.go:644.2,645.16 2 0
healthcare/controllers/doctor.go:645.16,647.3 1 0
healthcare/controllers/doctor.go:650.2,652.16 3 0
healthcare/controllers/doctor.go:652.16,654.3 1 0
healthcare/controllers/doctor.go:657.2,657.50 1 0
healthcare/controllers/doctor.go:657.50,659.3 1 0
healthcare/controllers/doctor.go:662.2,662.37 1 0
healthcare/controllers/doctor.go:662.37,664.3 1 0
healthcare/controllers/doctor.go:666.2,666.37 1 0
healthcare/controllers/doctor.go:666.37,668.3 1 0
healthcare/controllers/doctor.go:671.2,671.66 1 0
healthcare/controllers/doctor.go:671.66,673.3 1 0
healthcare/controllers/doctor.go:676.2,678.16 3 0
healthcare/controllers/doctor.go:678.16,680.3 1 0
healthcare/controllers/doctor.go:682.2,683.132 2 0
healthcare/controllers/doctor.go:686.63,688.9 2 0
healthcare/controllers/doctor.go:688.9,690.3 1 0
healthcare/controllers/doctor.go:692.2,693.16 2 0
healthcare/controllers/doctor.go:693.16,695.3 1 0
healthcare/controllers/doctor.go:697.2,698.16 2 0
healthcare/controllers/doctor.go:698.16,700.3 1 0
healthcare/controllers/doctor.go:702.2,720.57 6 0
healthcare/controllers/doctor.go:720.57,722.3 1 0
healthcare/controllers/doctor.go:724.2,725.45 2 0
healthcare/controllers/doctor.go:725.45,727.76 2 0
healthcare/controllers/doctor.go:727.76,729.4 1 0
healthcare/controllers/doctor.go:732.3,732.100 1 0
healthcare/controllers/doctor.go:732.100,734.4 1 0
healthcare/controllers/doctor.go:736.3,737.66 2 0
healthcare/controllers/doctor.go:740.2,740.37 1 0
healthcare/controllers/doctor.go:740.37,742.3 1 0
healthcare/controllers/doctor.go:744.2,745.136 2 0
healthcare/controllers/doctor.go:749.57,752.9 2 1
healthcare/controllers/doctor.go:752.9,754.3 1 0
healthcare/controllers/doctor.go:757.2,758.47 2 1
healthcare/controllers/doctor.go:758.47,760.3 1 0
healthcare/controllers/doctor.go:763.2,763.61 1 1
healthcare/controllers/doctor.go:763.61,765.3 1 0
healthcare/controllers/doctor.go:768.2,770.25 3 1
healthcare/controllers/doctor.go:770.25,772.3 1 0
healthcare/controllers/doctor.go:775.2,776.63 2 1
healthcare/controllers/doctor.go:776.63,778.3 1 0
healthcare/controllers/doctor.go:780.2,781.112 2 1
healthcare/controllers/doctor.go:785.48,787.46 2 1
healthcare/controllers/doctor.go:787.46,789.3 1 0
healthcare/controllers/doctor.go:791.2,791.60 1 1
healthcare/controllers/doctor.go:791.60,793.3 1 1
healthcare/controllers/doctor.go:796.2,796.96 1 0
healthcare/controllers/doctor.go:796.96,798.3 1 0
healthcare/controllers/doctor.go:800.2,803.133 2 0
healthcare/controllers/doctor.go:803.133,805.3 1 0
healthcare/controllers/doctor.go:808.2,808.96 1 0
healthcare/controllers/doctor.go:808.96,810.3 1 0
healthcare/controllers/doctor.go:812.2,812.111 1 0
healthcare/controllers/doctor.go:815.52,817.44 2 1
healthcare/controllers/doctor.go:817.44,819.3 1 0
healthcare/controllers/doctor.go:821.2,821.58 1 1
healthcare/controllers/doctor.go:821.58,823.3 1 1
healthcare/controllers/doctor.go:825.2,825.84 1 1
healthcare/controllers/doctor.go:825.84,827.3 1 0
healthcare/controllers/doctor.go:829.2,829.97 1 1
healthcare/controllers/doctor.go:832.44,834.53 2 1
healthcare/controllers/doctor.go:834.53,836.3 1 0
healthcare/controllers/doctor.go:838.2,838.67 1 1
healthcare/controllers/doctor.go:838.67,840.3 1 1
healthcare/controllers/doctor.go:843.2,843.110 1 0
healthcare/controllers/doctor.go:843.110,845.3 1 0
healthcare/controllers/doctor.go:847.2,847.106 1 0
healthcare/controllers/doctor.go:850.54,853.9 2 0
healthcare/controllers/doctor.go:853.9,855.3 1 0
healthcare/controllers/doctor.go:858.2,860.25 3 0
healthcare/controllers/doctor.go:860.25,861.45 1 0
healthcare/controllers/doctor.go:861.45,863.4 1 0
healthcare/controllers/doctor.go:865.3,865.110 1 0
healthcare/controllers/doctor.go:868.2,870.108 2 0
healthcare/controllers/medicine-transaction.go:18.54,20.9 2 1
healthcare/controllers/medicine-transaction.go:20.9,22.3 1 1
healthcare/controllers/medicine-transaction.go:24.2,26.60 2 1
healthcare/controllers/medicine-transaction.go:26.60,28.3 1 1
healthcare/controllers/medicine-transaction.go:30.2,30.64 1 1
healthcare/controllers/medicine-transaction.go:30.64,31.25 1 1
healthcare/controllers/medicine-transaction.go:31.25,33.4 1 1
healthcare/controllers/medicine-transaction.go:34.3,34.23 1 1
healthcare/controllers/medicine-transaction.go:34.23,36.4 1 1
healthcare/controllers/medicine-transaction.go:39.2,39.74 1 1
healthcare/controllers/medicine-transaction.go:39.74,41.3 1 1
healthcare/controllers/medicine-transaction.go:43.2,46.57 3 1
healthcare/controllers/medicine-transaction.go:46.57,48.74 2 1
healthcare/controllers/medicine-transaction.go:48.74,50.4 1 1
healthcare/controllers/medicine-transaction.go:52.3,52.35 1 1
healthcare/controllers/medicine-transaction.go:52.35,54.4 1 0
healthcare/controllers/medicine-transaction.go:56.3,58.74 2 1
healthcare/controllers/medicine-transaction.go:61.2,63.70 2 1
healthcare/controllers/medicine-transaction.go:63.70,65.3 1 0
healthcare/controllers/medicine-transaction.go:67.2,69.124 2 1
healthcare/controllers/medicine-transaction.go:73.65,75.16 2 1
healthcare/controllers/medicine-transaction.go:75.16,77.3 1 1
healthcare/controllers/medicine-transaction.go:79.2,80.9 2 1
healthcare/controllers/medicine-transaction.go:80.9,82.3 1 1
healthcare/controllers/medicine-transaction.go:84.2,86.129 2 1
healthcare/controllers/medicine-transaction.go:86.129,88.3 1 1
healthcare/controllers/medicine-transaction.go:90.2,92.115 2 1
healthcare/controllers/medicine-transaction.go:95.64,98.9 2 1
healthcare/controllers/medicine-transaction.go:98.9,100.3 1 0
healthcare/controllers/medicine-transaction.go:102.2,103.16 2 1
healthcare/controllers/medicine-transaction.go:103.16,105.3 1 1
healthcare/controllers/medicine-transaction.go:107.2,108.132 2 1
healthcare/controllers/medicine-transaction.go:108.132,110.3 1 1
healthcare/controllers/medicine-transaction.go:112.2,112.70 1 1
healthcare/controllers/medicine-transaction.go:112.70,114.3 1 0
healthcare/controllers/medicine-transaction.go:116.2,116.114 1 1
healthcare/controllers/medicine-transaction.go:119.61,121.9 2 1
healthcare/controllers/medicine-transaction.go:121.9,123.3 1 1
healthcare/controllers/medicine-transaction.go:125.2,128.16 3 1
healthcare/controllers/medicine-transaction.go:128.16,130.3 1 1
healthcare/controllers/medicine-transaction.go:132.2,134.16 2 1
healthcare/controllers/medicine-transaction.go:134.16,136.3 1 1
healthcare/controllers/medicine-transaction.go:138.2,144.16 4 1
healthcare/controllers/medicine-transaction.go:144.16,145.49 1 1
healthcare/controllers/medicine-transaction.go:145.49,147.4 1 1
healthcare/controllers/medicine-transaction.go:148.3,148.72 1 0
healthcare/controllers/medicine-transaction.go:151.2,155.131 3 1
healthcare/controllers/medicine-transaction.go:158.134,159.29 1 1
healthcare/controllers/medicine-transaction.go:159.29,161.3 1 0
healthcare/controllers/medicine-transaction.go:163.2,167.18 4 1
healthcare/controllers/medicine-transaction.go:167.18,169.3 1 1
healthcare/controllers/medicine-transaction.go:171.2,179.25 4 1
healthcare/controllers/medicine-transaction.go:179.25,181.3 1 0
healthcare/controllers/medicine-transaction.go:183.2,183.26 1 1
healthcare/controllers/medicine-transaction.go:183.26,185.3 1 1
healthcare/controllers/medicine-transaction.go:187.2,187.41 1 1
healthcare/controllers/medicine.go:23.53,27.42 2 1
healthcare/controllers/medicine.go:27.42,29.3 1 1
healthcare/controllers/medicine.go:31.2,31.56 1 1
healthcare/controllers/medicine.go:31.56,33.3 1 1
healthcare/controllers/medicine.go:36.2,37.16 2 0
healthcare/controllers/medicine.go:37.16,39.3 1 0
healthcare/controllers/medicine.go:41.2,42.16 2 0
healthcare/controllers/medicine.go:42.16,44.3 1 0
healthcare/controllers/medicine.go:45.2,50.45 5 0
healthcare/controllers/medicine.go:50.45,51.22 1 0
healthcare/controllers/medicine.go:51.22,53.9 2 0
healthcare/controllers/medicine.go:56.2,56.14 1 0
healthcare/controllers/medicine.go:56.14,58.3 1 0
healthcare/controllers/medicine.go:60.2,61.16 2 0
healthcare/controllers/medicine.go:61.16,63.3 1 0
healthcare/controllers/medicine.go:65.2,69.66 3 0
healthcare/controllers/medicine.go:69.66,71.3 1 0
healthcare/controllers/medicine.go:73.2,75.112 2 0
healthcare/controllers/medicine.go:79.53,81.16 2 1
healthcare/controllers/medicine.go:81.16,83.3 1 1
healthcare/controllers/medicine.go:85.2,88.25 3 1
healthcare/controllers/medicine.go:88.25,90.3 1 1
healthcare/controllers/medicine.go:92.2,94.56 2 1
healthcare/controllers/medicine.go:94.56,96.3 1 0
healthcare/controllers/medicine.go:98.2,98.70 1 1
healthcare/controllers/medicine.go:98.70,100.3 1 0
healthcare/controllers/medicine.go:102.2,103.25 2 1
healthcare/controllers/medicine.go:103.25,105.3 1 0
healthcare/controllers/medicine.go:107.2,109.107 2 1
healthcare/controllers/medicine.go:113.58,115.16 2 1
healthcare/controllers/medicine.go:115.16,117.3 1 1
healthcare/controllers/medicine.go:119.2,120.78 2 1
healthcare/controllers/medicine.go:120.78,122.3 1 1
healthcare/controllers/medicine.go:124.2,125.16 2 1
healthcare/controllers/medicine.go:125.16,127.3 1 0
healthcare/controllers/medicine.go:129.2,130.16 2 1
healthcare/controllers/medicine.go:130.16,132.3 1 0
healthcare/controllers/medicine.go:133.2,138.45 5 1
healthcare/controllers/medicine.go:138.45,139.22 1 1
healthcare/controllers/medicine.go:139.22,141.9 2 1
healthcare/controllers/medicine.go:144.2,144.14 1 1
healthcare/controllers/medicine.go:144.14,146.3 1 0
healthcare/controllers/medicine.go:148.2,149.16 2 1
healthcare/controllers/medicine.go:149.16,151.3 1 0
healthcare/controllers/medicine.go:153.2,153.34 1 1
healthcare/controllers/medicine.go:153.34,156.64 2 1
healthcare/controllers/medicine.go:156.64,158.4 1 1
healthcare/controllers/medicine.go:161.2,163.65 2 1
healthcare/controllers/medicine.go:163.65,165.3 1 0
healthcare/controllers/medicine.go:167.2,168.113 2 1
healthcare/controllers/medicine.go:172.53,174.16 2 1
healthcare/controllers/medicine.go:174.16,176.3 1 1
healthcare/controllers/medicine.go:178.2,181.25 3 1
healthcare/controllers/medicine.go:181.25,183.3 1 1
healthcare/controllers/medicine.go:185.2,186.25 2 1
healthcare/controllers/medicine.go:186.25,188.3 1 0
healthcare/controllers/medicine.go:190.2,190.102 1 1
healthcare/controllers/medicine.go:194.58,196.16 2 1
healthcare/controllers/medicine.go:196.16,198.3 1 1
healthcare/controllers/medicine.go:200.2,201.70 2 1
healthcare/controllers/medicine.go:201.70,203.3 1 1
healthcare/controllers/medicine.go:205.2,205.26 1 1
healthcare/controllers/medicine.go:205.26,208.61 3 1
healthcare/controllers/medicine.go:208.61,211.4 2 1
healthcare/controllers/medicine.go:214.2,216.57 2 1
healthcare/controllers/medicine.go:216.57,218.3 1 0
healthcare/controllers/medicine.go:220.2,220.108 1 1
healthcare/controllers/medicine.go:224.55,226.16 2 1
healthcare/controllers/medicine.go:226.16,228.3 1 1
healthcare/controllers/medicine.go:230.2,231.62 2 1
healthcare/controllers/medicine.go:231.62,233.3 1 1
healthcare/controllers/medicine.go:235.2,237.109 2 1
healthcare/controllers/medicine.go:240.129,242.29 1 1
healthcare/controllers/medicine.go:242.29,244.3 1 0
healthcare/controllers/medicine.go:246.2,251.19 4 1
healthcare/controllers/medicine.go:251.19,253.3 1 0
healthcare/controllers/medicine.go:255.2,255.20 1 1
healthcare/controllers/medicine.go:255.20,257.3 1 0
healthcare/controllers/medicine.go:259.2,259.21 1 1
healthcare/controllers/medicine.go:259.21,261.3 1 0
healthcare/controllers/medicine.go:263.2,263.20 1 1
healthcare/controllers/medicine.go:263.20,265.3 1 0
healthcare/controllers/medicine.go:267.2,273.25 4 1
healthcare/controllers/medicine.go:273.25,275.3 1 0
healthcare/controllers/medicine.go:277.2,277.26 1 1
healthcare/controllers/medicine.go:277.26,279.3 1 1
healthcare/controllers/medicine.go:281.2,281.29 1 1
healthcare/controllers/medicine.go:285.55,289.16 3 1
healthcare/controllers/medicine.go:289.16,291.3 1 1
healthcare/controllers/medicine.go:293.2,295.16 2 1
healthcare/controllers/medicine.go:295.16,297.3 1 1
healthcare/controllers/medicine.go:299.2,307.16 6 1
healthcare/controllers/medicine.go:307.16,308.49 1 1
healthcare/controllers/medicine.go:308.49,310.4 1 1
healthcare/controllers/medicine.go:311.3,311.72 1 0
healthcare/controllers/medicine.go:314.2,318.119 3 1
healthcare/controllers/medicine.go:322.59,324.16 2 1
healthcare/controllers/medicine.go:324.16,326.3 1 1
healthcare/controllers/medicine.go:328.2,330.62 2 1
healthcare/controllers/medicine.go:330.62,332.3 1 1
healthcare/controllers/medicine.go:334.2,336.103 2 1
healthcare/controllers/medicine.go:340.54,343.16 3 1
healthcare/controllers/medicine.go:343.16,345.3 1 1
healthcare/controllers/medicine.go:347.2,348.16 2 1
healthcare/controllers/medicine.go:348.16,350.3 1 1
healthcare/controllers/medicine.go:352.2,360.16 6 1
healthcare/controllers/medicine.go:360.16,361.49 1 1
healthcare/controllers/medicine.go:361.49,363.4 1 1
healthcare/controllers/medicine.go:364.3,364.72 1 0
healthcare/controllers/medicine.go:367.2,371.119 3 1
healthcare/controllers/medicine.go:375.58,377.16 2 1
healthcare/controllers/medicine.go:377.16,379.3 1 1
healthcare/controllers/medicine.go:381.2,383.62 2 1
healthcare/controllers/medicine.go:383.62,385.3 1 1
healthcare/controllers/medicine.go:387.2,389.103 2 1
healthcare/controllers/message.go:19.61,22.9 2 0
healthcare/controllers/message.go:22.9,24.3 1 0
healthcare/controllers/message.go:26.2,27.16 2 0
healthcare/controllers/message.go:27.16,29.3 1 0
healthcare/controllers/message.go:31.2,32.88 2 0
healthcare/controllers/message.go:32.88,34.3 1 0
healthcare/controllers/message.go:36.2,36.98 1 0
healthcare/controllers/message.go:36.98,38.3 1 0
healthcare/controllers/message.go:40.2,41.139 2 0
healthcare/controllers/message.go:41.139,43.3 1 0
healthcare/controllers/message.go:45.2,47.57 2 0
healthcare/controllers/message.go:47.57,49.3 1 0
healthcare/controllers/message.go:51.2,51.71 1 0
healthcare/controllers/message.go:51.71,53.3 1 0
healthcare/controllers/message.go:55.2,56.16 2 0
healthcare/controllers/message.go:56.16,58.3 1 0
healthcare/controllers/message.go:60.2,62.16 2 0
healthcare/controllers/message.go:62.16,67.36 3 0
healthcare/controllers/message.go:67.36,69.4 1 0
healthcare/controllers/message.go:71.3,74.46 4 0
healthcare/controllers/message.go:74.46,75.23 1 0
healthcare/controllers/message.go:75.23,77.10 2 0
healthcare/controllers/message.go:80.3,80.15 1 0
healthcare/controllers/message.go:80.15,82.4 1 0
healthcare/controllers/message.go:84.3,85.17 2 0
healthcare/controllers/message.go:85.17,87.4 1 0
healthcare/controllers/message.go:89.3,91.83 2 0
healthcare/controllers/message.go:91.83,93.4 1 0
healthcare/controllers/message.go:96.2,98.16 2 0
healthcare/controllers/message.go:98.16,103.36 3 0
healthcare/controllers/message.go:103.36,105.4 1 0
healthcare/controllers/message.go:107.3,110.51 4 0
healthcare/controllers/message.go:110.51,111.23 1 0
healthcare/controllers/message.go:111.23,113.10 2 0
healthcare/controllers/message.go:116.3,116.15 1 0
healthcare/controllers/message.go:116.15,118.4 1 0
healthcare/controllers/message.go:120.3,121.17 2 0
healthcare/controllers/message.go:121.17,123.4 1 0
healthcare/controllers/message.go:125.3,127.83 2 0
healthcare/controllers/message.go:127.83,129.4 1 0
healthcare/controllers/message.go:132.2,134.60 2 0
healthcare/controllers/message.go:134.60,136.3 1 0
healthcare/controllers/message.go:138.2,140.106 2 0
healthcare/controllers/message.go:144.58,147.9 2 0
healthcare/controllers/message.go:147.9,149.3 1 0
healthcare/controllers/message.go:151.2,152.16 2 0
healthcare/controllers/message.go:152.16,154.3 1 0
healthcare/controllers/message.go:156.2,157.88 2 0
healthcare/controllers/message.go:157.88,159.3 1 0
healthcare/controllers/message.go:161.2,161.98 1 0
healthcare/controllers/message.go:161.98,163.3 1 0
healthcare/controllers/message.go:165.2,166.143 2 0
healthcare/controllers/message.go:166.143,168.3 1 0
healthcare/controllers/message.go:170.2,172.54 2 0
healthcare/controllers/message.go:172.54,174.3 1 0
healthcare/controllers/message.go:176.2,176.68 1 0
healthcare/controllers/message.go:176.68,178.3 1 0
healthcare/controllers/message.go:180.2,181.16 2 0
healthcare/controllers/message.go:181.16,183.3 1 0
healthcare/controllers/message.go:186.2,188.16 2 0
healthcare/controllers/message.go:188.16,191.37 2 0
healthcare/controllers/message.go:191.37,193.4 1 0
healthcare/controllers/message.go:195.3,198.46 4 0
healthcare/controllers/message.go:198.46,199.23 1 0
healthcare/controllers/message.go:199.23,201.10 2 0
healthcare/controllers/message.go:204.3,204.15 1 0
healthcare/controllers/message.go:204.15,206.4 1 0
healthcare/controllers/message.go:208.3,209.17 2 0
healthcare/controllers/message.go:209.17,211.4 1 0
healthcare/controllers/message.go:213.3,215.77 2 0
healthcare/controllers/message.go:215.77,217.4 1 0
healthcare/controllers/message.go:220.2,222.16 2 0
healthcare/controllers/message.go:222.16,227.36 3 0
healthcare/controllers/message.go:227.36,229.4 1 0
healthcare/controllers/message.go:231.3,234.51 4 0
healthcare/controllers/message.go:234.51,235.23 1 0
healthcare/controllers/message.go:235.23,237.10 2 0
healthcare/controllers/message.go:240.3,240.15 1 0
healthcare/controllers/message.go:240.15,242.4 1 0
healthcare/controllers/message.go:244.3,245.17 2 0
healthcare/controllers/message.go:245.17,247.4 1 0
healthcare/controllers/message.go:249.3,251.77 2 0
healthcare/controllers/message.go:251.77,253.4 1 0
healthcare/controllers/message.go:256.2,258.57 2 0
healthcare/controllers/message.go:258.57,260.3 1 0
healthcare/controllers/message.go:262.2,264.103 2 0
healthcare/controllers/roomchat.go:21.167,23.29 1 0
healthcare/controllers/roomchat.go:23.29,25.3 1 0
healthcare/controllers/roomchat.go:27.2,32.20 4 0
healthcare/controllers/roomchat.go:32.20,34.3 1 0
healthcare/controllers/roomchat.go:36.2,42.25 4 0
healthcare/controllers/roomchat.go:42.25,44.3 1 0
healthcare/controllers/roomchat.go:46.2,46.26 1 0
healthcare/controllers/roomchat.go:46.26,48.3 1 0
healthcare/controllers/roomchat.go:50.2,50.29 1 0
healthcare/controllers/roomchat.go:54.53,57.9 2 0
healthcare/controllers/roomchat.go:57.9,59.3 1 0
healthcare/controllers/roomchat.go:61.2,62.16 2 0
healthcare/controllers/roomchat.go:62.16,64.3 1 0
healthcare/controllers/roomchat.go:66.2,68.103 2 0
healthcare/controllers/roomchat.go:68.103,70.3 1 0
healthcare/controllers/roomchat.go:72.2,74.147 2 0
healthcare/controllers/roomchat.go:74.147,76.3 1 0
healthcare/controllers/roomchat.go:78.2,85.59 6 0
healthcare/controllers/roomchat.go:85.59,87.3 1 0
healthcare/controllers/roomchat.go:89.2,92.16 3 0
healthcare/controllers/roomchat.go:92.16,96.26 3 0
healthcare/controllers/roomchat.go:96.26,98.4 1 0
healthcare/controllers/roomchat.go:100.3,101.17 2 0
healthcare/controllers/roomchat.go:101.17,103.4 1 0
healthcare/controllers/roomchat.go:107.2,107.100 1 0
healthcare/controllers/roomchat.go:111.54,114.9 2 0
healthcare/controllers/roomchat.go:114.9,116.3 1 0
healthcare/controllers/roomchat.go:118.2,119.16 2 0
healthcare/controllers/roomchat.go:119.16,121.3 1 0
healthcare/controllers/roomchat.go:123.2,124.88 2 0
healthcare/controllers/roomchat.go:124.88,126.3 1 0
healthcare/controllers/roomchat.go:128.2,129.139 2 0
healthcare/controllers/roomchat.go:129.139,131.3 1 0
healthcare/controllers/roomchat.go:133.2,134.105 2 0
healthcare/controllers/roomchat.go:134.105,136.3 1 0
healthcare/controllers/roomchat.go:138.2,138.82 1 0
healthcare/controllers/roomchat.go:138.82,140.58 2 0
healthcare/controllers/roomchat.go:140.58,142.4 1 0
healthcare/controllers/roomchat.go:145.2,146.100 2 0
healthcare/controllers/roomchat.go:146.100,148.3 1 0
healthcare/controllers/roomchat.go:150.2,152.104 2 0
healthcare/controllers/roomchat.go:156.56,159.9 2 0
healthcare/controllers/roomchat.go:159.9,161.3 1 0
healthcare/controllers/roomchat.go:163.2,164.16 2 0
healthcare/controllers/roomchat.go:164.16,166.3 1 0
healthcare/controllers/roomchat.go:168.2,169.88 2 0
healthcare/controllers/roomchat.go:169.88,171.3 1 0
healthcare/controllers/roomchat.go:173.2,174.143 2 0
healthcare/controllers/roomchat.go:174.143,176.3 1 0
healthcare/controllers/roomchat.go:178.2,179.105 2 0
healthcare/controllers/roomchat.go:179.105,181.3 1 0
healthcare/controllers/roomchat.go:183.2,183.82 1 0
healthcare/controllers/roomchat.go:183.82,185.58 2 0
healthcare/controllers/roomchat.go:185.58,187.4 1 0
healthcare/controllers/roomchat.go:190.2,191.96 2 0
healthcare/controllers/roomchat.go:191.96,193.3 1 0
healthcare/controllers/roomchat.go:195.2,197.104 2 0
healthcare/controllers/roomchat.go:201.59,204.9 2 0
healthcare/controllers/roomchat.go:204.9,206.3 1 0
healthcare/controllers/roomchat.go:208.2,209.16 2 0
healthcare/controllers/roomchat.go:209.16,211.3 1 0
healthcare/controllers/roomchat.go:213.2,214.16 2 0
healthcare/controllers/roomchat.go:214.16,216.3 1 0
healthcare/controllers/roomchat.go:218.2,220.20 2 0
healthcare/controllers/roomchat.go:220.20,225.17 3 0
healthcare/controllers/roomchat.go:225.17,227.4 1 0
healthcare/controllers/roomchat.go:229.3,229.62 1 0
healthcare/controllers/roomchat.go:229.62,231.84 1 0
healthcare/controllers/roomchat.go:231.84,232.46 1 0
healthcare/controllers/roomchat.go:232.46,234.6 1 0
healthcare/controllers/roomchat.go:236.5,236.23 1 0
healthcare/controllers/roomchat.go:239.4,239.127 1 0
healthcare/controllers/roomchat.go:242.3,243.64 2 0
healthcare/controllers/roomchat.go:243.64,246.103 2 0
healthcare/controllers/roomchat.go:246.103,248.60 2 0
healthcare/controllers/roomchat.go:248.60,250.6 1 0
healthcare/controllers/roomchat.go:253.4,253.52 1 0
healthcare/controllers/roomchat.go:253.52,254.13 1 0
healthcare/controllers/roomchat.go:257.4,257.42 1 0
healthcare/controllers/roomchat.go:257.42,258.13 1 0
healthcare/controllers/roomchat.go:261.4,261.52 1 0
healthcare/controllers/roomchat.go:261.52,262.13 1 0
healthcare/controllers/roomchat.go:265.4,266.92 2 0
healthcare/controllers/roomchat.go:266.92,268.5 1 0
healthcare/controllers/roomchat.go:270.4,271.51 2 0
healthcare/controllers/roomchat.go:271.51,273.5 1 0
healthcare/controllers/roomchat.go:275.4,276.43 2 0
healthcare/controllers/roomchat.go:279.3,281.121 2 0
healthcare/controllers/roomchat.go:285.2,288.16 3 0
healthcare/controllers/roomchat.go:288.16,290.3 1 0
healthcare/controllers/roomchat.go:292.2,292.61 1 0
healthcare/controllers/roomchat.go:292.61,294.83 1 0
healthcare/controllers/roomchat.go:294.83,295.45 1 0
healthcare/controllers/roomchat.go:295.45,297.5 1 0
healthcare/controllers/roomchat.go:299.4,299.22 1 0
healthcare/controllers/roomchat.go:302.3,302.126 1 0
healthcare/controllers/roomchat.go:305.2,306.63 2 0
healthcare/controllers/roomchat.go:306.63,309.102 2 0
healthcare/controllers/roomchat.go:309.102,311.59 2 0
healthcare/controllers/roomchat.go:311.59,313.5 1 0
healthcare/controllers/roomchat.go:316.3,316.51 1 0
healthcare/controllers/roomchat.go:316.51,317.12 1 0
healthcare/controllers/roomchat.go:320.3,320.41 1 0
healthcare/controllers/roomchat.go:320.41,321.12 1 0
healthcare/controllers/roomchat.go:324.3,324.51 1 0
healthcare/controllers/roomchat.go:324.51,325.12 1 0
healthcare/controllers/roomchat.go:328.3,329.91 2 0
healthcare/controllers/roomchat.go:329.91,331.4 1 0
healthcare/controllers/roomchat.go:333.3,334.50 2 0
healthcare/controllers/roomchat.go:334.50,336.4 1 0
healthcare/controllers/roomchat.go:338.3,339.42 2 0
healthcare/controllers/roomchat.go:342.2,344.120 2 0
healthcare/controllers/user.go:24.51,27.38 2 0
healthcare/controllers/user.go:27.38,29.3 1 0
healthcare/controllers/user.go:31.2,31.52 1 0
healthcare/controllers/user.go:31.52,33.3 1 0
healthcare/controllers/user.go:35.2,38.148 3 0
healthcare/controllers/user.go:38.148,40.3 1 0
healthcare/controllers/user.go:42.2,43.62 2 0
healthcare/controllers/user.go:43.62,45.3 1 0
healthcare/controllers/user.go:48.2,49.16 2 0
healthcare/controllers/user.go:49.16,51.3 1 0
healthcare/controllers/user.go:54.2,55.151 2 0
healthcare/controllers/user.go:59.48,62.46 2 0
healthcare/controllers/user.go:62.46,64.3 1 0
healthcare/controllers/user.go:66.2,66.60 1 0
healthcare/controllers/user.go:66.60,68.3 1 0
healthcare/controllers/user.go:70.2,71.116 2 0
healthcare/controllers/user.go:71.116,73.3 1 0
healthcare/controllers/user.go:76.2,76.22 1 0
healthcare/controllers/user.go:76.22,78.3 1 0
healthcare/controllers/user.go:79.2,79.85 1 0
healthcare/controllers/user.go:79.85,81.3 1 0
healthcare/controllers/user.go:83.2,86.16 3 0
healthcare/controllers/user.go:86.16,88.3 1 0
healthcare/controllers/user.go:90.2,93.16 3 0
healthcare/controllers/user.go:93.16,95.3 1 0
healthcare/controllers/user.go:97.2,97.93 1 0
healthcare/controllers/user.go:100.106,102.29 1 0
healthcare/controllers/user.go:102.29,104.3 1 0
healthcare/controllers/user.go:106.2,117.25 7 0
healthcare/controllers/user.go:117.25,119.3 1 0
healthcare/controllers/user.go:121.2,121.26 1 0
healthcare/controllers/user.go:121.26,123.3 1 0
healthcare/controllers/user.go:125.2,125.29 1 0
healthcare/controllers/user.go:129.56,134.16 3 0
healthcare/controllers/user.go:134.16,136.3 1 0
healthcare/controllers/user.go:138.2,140.16 2 0
healthcare/controllers/user.go:140.16,142.3 1 0
healthcare/controllers/user.go:144.2,146.16 3 0
healthcare/controllers/user.go:146.16,147.49 1 0
healthcare/controllers/user.go:147.49,149.4 1 0
healthcare/controllers/user.go:150.3,150.83 1 0
healthcare/controllers/user.go:153.2,157.114 3 0
healthcare/controllers/user.go:161.46,164.9 2 0
healthcare/controllers/user.go:164.9,166.3 1 0
healthcare/controllers/user.go:168.2,170.62 2 0
healthcare/controllers/user.go:170.62,172.3 1 0
healthcare/controllers/user.go:174.2,176.101 2 0
healthcare/controllers/user.go:180.55,182.16 2 0
healthcare/controllers/user.go:182.16,184.3 1 0
healthcare/controllers/user.go:185.2,187.25 3 0
healthcare/controllers/user.go:187.25,189.3 1 0
healthcare/controllers/user.go:190.2,192.101 2 0
healthcare/controllers/user.go:196.62,199.16 2 0
healthcare/controllers/user.go:199.16,201.3 1 0
healthcare/controllers/user.go:203.2,204.16 2 0
healthcare/controllers/user.go:204.16,206.3 1 0
healthcare/controllers/user.go:208.2,209.16 2 0
healthcare/controllers/user.go:209.16,211.3 1 0
healthcare/controllers/user.go:213.2,218.24 4 0
healthcare/controllers/user.go:218.24,220.3 1 0
healthcare/controllers/user.go:222.2,222.53 1 0
healthcare/controllers/user.go:222.53,225.3 2 0
healthcare/controllers/user.go:228.2,233.37 4 0
healthcare/controllers/user.go:233.37,235.3 1 0
healthcare/controllers/user.go:236.2,236.35 1 0
healthcare/controllers/user.go:236.35,238.3 1 0
healthcare/controllers/user.go:239.2,241.34 2 0
healthcare/controllers/user.go:241.34,243.3 1 0
healthcare/controllers/user.go:245.2,248.134 3 0
healthcare/controllers/user.go:252.49,255.9 2 0
healthcare/controllers/user.go:255.9,257.3 1 0
healthcare/controllers/user.go:259.2,262.25 3 0
healthcare/controllers/user.go:262.25,264.3 1 0
healthcare/controllers/user.go:266.2,268.45 2 0
healthcare/controllers/user.go:268.45,270.3 1 0
healthcare/controllers/user.go:272.2,273.148 2 0
healthcare/controllers/user.go:273.148,275.3 1 0
healthcare/controllers/user.go:277.2,277.59 1 0
healthcare/controllers/user.go:277.59,279.3 1 0
healthcare/controllers/user.go:281.2,282.16 2 0
healthcare/controllers/user.go:282.16,284.3 1 0
healthcare/controllers/user.go:286.2,288.16 2 0
healthcare/controllers/user.go:288.16,291.37 2 0
healthcare/controllers/user.go:291.37,293.4 1 0
healthcare/controllers/user.go:295.3,298.46 4 0
healthcare/controllers/user.go:298.46,299.23 1 0
healthcare/controllers/user.go:299.23,301.10 2 0
healthcare/controllers/user.go:304.3,304.15 1 0
healthcare/controllers/user.go:304.15,306.4 1 0
healthcare/controllers/user.go:308.3,309.17 2 0
healthcare/controllers/user.go:309.17,311.4 1 0
healthcare/controllers/user.go:313.3,313.46 1 0
healthcare/controllers/user.go:316.2,321.35 5 0
healthcare/controllers/user.go:321.35,323.3 1 0
healthcare/controllers/user.go:325.2,325.41 1 0
healthcare/controllers/user.go:325.41,327.3 1 0
healthcare/controllers/user.go:329.2,329.41 1 0
healthcare/controllers/user.go:329.41,331.3 1 0
healthcare/controllers/user.go:333.2,337.100 3 0
healthcare/controllers/user.go:341.49,344.9 2 0
healthcare/controllers/user.go:344.9,346.3 1 0
healthcare/controllers/user.go:348.2,350.25 3 0
healthcare/controllers/user.go:350.25,352.3 1 0
healthcare/controllers/user.go:354.2,356.91 2 0
healthcare/controllers/user.go:359.56,362.16 2 0
healthcare/controllers/user.go:362.16,364.3 1 0
healthcare/controllers/user.go:367.2,369.25 3 0
healthcare/controllers/user.go:369.25,371.3 1 0
healthcare/controllers/user.go:374.2,375.25 2 0
healthcare/controllers/user.go:375.25,377.3 1 0
healthcare/controllers/user.go:379.2,379.93 1 0
healthcare/controllers/user.go:383.46,385.53 2 0
healthcare/controllers/user.go:385.53,387.3 1 0
healthcare/controllers/user.go:389.2,389.67 1 0
healthcare/controllers/user.go:389.67,391.3 1 0
healthcare/controllers/user.go:393.2,396.108 3 0
healthcare/controllers/user.go:396.108,398.3 1 0
healthcare/controllers/user.go:401.2,401.93 1 0
healthcare/controllers/user.go:401.93,403.3 1 0
healthcare/controllers/user.go:406.2,407.12 2 0
healthcare/controllers/user.go:407.12,410.17 3 0
healthcare/controllers/user.go:410.17,412.4 1 0
healthcare/controllers/user.go:415.2,415.106 1 0
healthcare/controllers/user.go:418.46,420.46 2 0
healthcare/controllers/user.go:420.46,422.3 1 0
healthcare/controllers/user.go:424.2,424.60 1 0
healthcare/controllers/user.go:424.60,426.3 1 0
healthcare/controllers/user.go:429.2,429.94 1 0
healthcare/controllers/user.go:429.94,431.3 1 0
healthcare/controllers/user.go:433.2,436.136 2 0
healthcare/controllers/user.go:436.136,438.3 1 0
healthcare/controllers/user.go:441.2,441.94 1 0
healthcare/controllers/user.go:441.94,443.3 1 0
healthcare/controllers/user.go:445.2,445.109 1 0
healthcare/controllers/user.go:448.50,450.44 2 0
healthcare/controllers/user.go:450.44,452.3 1 0
healthcare/controllers/user.go:454.2,454.58 1 0
healthcare/controllers/user.go:454.58,456.3 1 0
healthcare/controllers/user.go:458.2,458.81 1 0
healthcare/controllers/user.go:458.81,460.3 1 0
healthcare/controllers/user.go:463.2,463.97 1 0
healthcare/controllers/user.go:466.42,468.53 2 0
healthcare/controllers/user.go:468.53,470.3 1 0
healthcare/controllers/user.go:472.2,472.67 1 0
healthcare/controllers/user.go:472.67,474.3 1 0
healthcare/controllers/user.go:477.2,477.108 1 0
healthcare/controllers/user.go:477.108,479.3 1 0
healthcare/controllers/user.go:481.2,481.106 1 0
