mode: set
healthcare/controllers/admin.go:19.49,22.46 2 1
healthcare/controllers/admin.go:22.46,24.3 1 1
healthcare/controllers/admin.go:26.2,26.60 1 1
healthcare/controllers/admin.go:26.60,28.3 1 1
healthcare/controllers/admin.go:30.2,31.94 2 1
healthcare/controllers/admin.go:31.94,33.3 1 1
healthcare/controllers/admin.go:35.2,35.134 1 1
healthcare/controllers/admin.go:35.134,37.3 1 1
healthcare/controllers/admin.go:39.2,40.16 2 1
healthcare/controllers/admin.go:40.16,42.3 1 0
healthcare/controllers/admin.go:43.2,46.94 3 1
healthcare/controllers/admin.go:50.50,55.46 3 1
healthcare/controllers/admin.go:55.46,57.3 1 1
healthcare/controllers/admin.go:59.2,61.25 3 1
healthcare/controllers/admin.go:61.25,63.3 1 0
healthcare/controllers/admin.go:65.2,69.97 3 1
healthcare/controllers/admin.go:73.65,76.16 2 1
healthcare/controllers/admin.go:76.16,78.3 1 1
healthcare/controllers/admin.go:80.2,82.26 3 1
healthcare/controllers/admin.go:82.26,84.3 1 1
healthcare/controllers/admin.go:87.2,89.25 3 1
healthcare/controllers/admin.go:89.25,91.3 1 0
healthcare/controllers/admin.go:93.2,94.47 2 1
healthcare/controllers/admin.go:94.47,96.3 1 1
healthcare/controllers/admin.go:99.2,99.61 1 1
healthcare/controllers/admin.go:99.61,101.3 1 1
healthcare/controllers/admin.go:103.2,104.25 2 0
healthcare/controllers/admin.go:104.25,106.3 1 0
healthcare/controllers/admin.go:108.2,111.25 3 0
healthcare/controllers/admin.go:111.25,113.3 1 0
healthcare/controllers/admin.go:115.2,115.108 1 0
healthcare/controllers/admin.go:118.54,120.9 2 1
healthcare/controllers/admin.go:120.9,122.3 1 1
healthcare/controllers/admin.go:124.2,125.63 2 1
healthcare/controllers/admin.go:125.63,128.3 1 0
healthcare/controllers/admin.go:130.2,132.108 2 1
healthcare/controllers/admin.go:136.68,138.16 2 1
healthcare/controllers/admin.go:138.16,140.3 1 1
healthcare/controllers/admin.go:142.2,143.16 2 1
healthcare/controllers/admin.go:143.16,145.3 1 1
healthcare/controllers/admin.go:147.2,152.24 4 1
healthcare/controllers/admin.go:152.24,154.3 1 0
healthcare/controllers/admin.go:156.2,156.53 1 1
healthcare/controllers/admin.go:156.53,159.3 2 1
healthcare/controllers/admin.go:162.2,167.37 4 1
healthcare/controllers/admin.go:167.37,169.3 1 0
healthcare/controllers/admin.go:170.2,170.35 1 1
healthcare/controllers/admin.go:170.35,172.3 1 0
healthcare/controllers/admin.go:173.2,175.34 2 1
healthcare/controllers/admin.go:175.34,177.3 1 0
healthcare/controllers/admin.go:179.2,182.134 3 1
healthcare/controllers/admin.go:185.63,191.25 3 1
healthcare/controllers/admin.go:191.25,193.3 1 1
healthcare/controllers/admin.go:194.2,194.98 1 1
healthcare/controllers/admin.go:194.98,196.3 1 1
healthcare/controllers/admin.go:198.2,198.31 1 1
healthcare/controllers/admin.go:198.31,200.3 1 0
healthcare/controllers/admin.go:202.2,203.123 2 1
healthcare/controllers/admin.go:206.47,208.46 2 1
healthcare/controllers/admin.go:208.46,210.3 1 0
healthcare/controllers/admin.go:212.2,212.60 1 1
healthcare/controllers/admin.go:212.60,214.3 1 1
healthcare/controllers/admin.go:217.2,217.95 1 0
healthcare/controllers/admin.go:217.95,219.3 1 0
healthcare/controllers/admin.go:222.2,222.139 1 0
healthcare/controllers/admin.go:222.139,224.3 1 0
healthcare/controllers/admin.go:227.2,227.95 1 0
healthcare/controllers/admin.go:227.95,229.3 1 0
healthcare/controllers/admin.go:231.2,231.110 1 0
healthcare/controllers/admin.go:234.51,236.44 2 1
healthcare/controllers/admin.go:236.44,238.3 1 0
healthcare/controllers/admin.go:240.2,240.58 1 1
healthcare/controllers/admin.go:240.58,242.3 1 1
healthcare/controllers/admin.go:244.2,244.83 1 1
healthcare/controllers/admin.go:244.83,246.3 1 0
healthcare/controllers/admin.go:248.2,248.97 1 1
healthcare/controllers/admin.go:251.43,253.53 2 1
healthcare/controllers/admin.go:253.53,255.3 1 0
healthcare/controllers/admin.go:257.2,257.67 1 1
healthcare/controllers/admin.go:257.67,259.3 1 1
healthcare/controllers/admin.go:262.2,262.109 1 0
healthcare/controllers/admin.go:262.109,264.3 1 0
healthcare/controllers/admin.go:266.2,266.106 1 0
healthcare/controllers/article.go:20.42,25.41 3 1
healthcare/controllers/article.go:25.41,27.3 1 0
healthcare/controllers/article.go:28.2,28.55 1 1
healthcare/controllers/article.go:28.55,30.3 1 0
healthcare/controllers/article.go:32.2,33.16 2 1
healthcare/controllers/article.go:33.16,35.3 1 0
healthcare/controllers/article.go:36.2,38.36 2 1
healthcare/controllers/article.go:38.36,40.3 1 0
healthcare/controllers/article.go:42.2,45.45 4 1
healthcare/controllers/article.go:45.45,46.22 1 1
healthcare/controllers/article.go:46.22,48.9 2 1
healthcare/controllers/article.go:51.2,51.14 1 1
healthcare/controllers/article.go:51.14,53.3 1 0
healthcare/controllers/article.go:55.2,56.16 2 1
healthcare/controllers/article.go:56.16,58.3 1 0
healthcare/controllers/article.go:60.2,65.65 4 1
healthcare/controllers/article.go:65.65,67.3 1 0
healthcare/controllers/article.go:69.2,69.106 1 1
healthcare/controllers/article.go:72.46,75.16 2 1
healthcare/controllers/article.go:75.16,77.3 1 0
healthcare/controllers/article.go:79.2,83.25 4 1
healthcare/controllers/article.go:83.25,85.3 1 0
healthcare/controllers/article.go:87.2,89.47 2 1
healthcare/controllers/article.go:89.47,91.3 1 0
healthcare/controllers/article.go:92.2,92.61 1 1
healthcare/controllers/article.go:92.61,94.3 1 0
healthcare/controllers/article.go:96.2,96.72 1 1
healthcare/controllers/article.go:96.72,102.46 5 1
healthcare/controllers/article.go:102.46,103.23 1 1
healthcare/controllers/article.go:103.23,105.10 2 1
healthcare/controllers/article.go:108.3,108.15 1 1
healthcare/controllers/article.go:108.15,110.4 1 0
healthcare/controllers/article.go:112.3,112.37 1 1
healthcare/controllers/article.go:112.37,114.4 1 0
healthcare/controllers/article.go:116.3,117.17 2 1
healthcare/controllers/article.go:117.17,119.4 1 0
healthcare/controllers/article.go:121.3,121.30 1 1
healthcare/controllers/article.go:123.8,123.39 1 0
healthcare/controllers/article.go:123.39,126.3 1 0
healthcare/controllers/article.go:126.8,128.3 1 0
healthcare/controllers/article.go:130.2,131.25 2 1
healthcare/controllers/article.go:131.25,133.3 1 0
healthcare/controllers/article.go:135.2,135.101 1 1
healthcare/controllers/article.go:139.116,141.29 1 1
healthcare/controllers/article.go:141.29,143.3 1 0
healthcare/controllers/article.go:145.2,156.25 7 1
healthcare/controllers/article.go:156.25,158.3 1 0
healthcare/controllers/article.go:160.2,160.26 1 1
healthcare/controllers/article.go:160.26,162.3 1 0
healthcare/controllers/article.go:164.2,164.29 1 1
healthcare/controllers/article.go:167.43,171.16 3 1
healthcare/controllers/article.go:171.16,173.3 1 1
healthcare/controllers/article.go:175.2,177.16 2 1
healthcare/controllers/article.go:177.16,179.3 1 1
healthcare/controllers/article.go:181.2,184.16 3 1
healthcare/controllers/article.go:184.16,185.49 1 0
healthcare/controllers/article.go:185.49,187.4 1 0
healthcare/controllers/article.go:188.3,188.83 1 0
healthcare/controllers/article.go:191.2,195.118 3 1
healthcare/controllers/article.go:198.43,200.16 2 1
healthcare/controllers/article.go:200.16,202.3 1 0
healthcare/controllers/article.go:204.2,206.67 2 1
healthcare/controllers/article.go:206.67,208.3 1 1
healthcare/controllers/article.go:210.2,212.92 2 1
healthcare/controllers/article.go:215.50,217.17 2 1
healthcare/controllers/article.go:217.17,219.3 1 0
healthcare/controllers/article.go:221.2,222.16 2 1
healthcare/controllers/article.go:222.16,224.3 1 0
healthcare/controllers/article.go:226.2,227.16 2 1
healthcare/controllers/article.go:227.16,229.3 1 0
healthcare/controllers/article.go:231.2,241.16 7 1
healthcare/controllers/article.go:241.16,243.3 1 0
healthcare/controllers/article.go:245.2,245.24 1 1
healthcare/controllers/article.go:245.24,247.3 1 0
healthcare/controllers/article.go:249.2,252.117 3 1
healthcare/controllers/article.go:255.46,259.16 3 1
healthcare/controllers/article.go:259.16,261.3 1 0
healthcare/controllers/article.go:263.2,265.25 3 1
healthcare/controllers/article.go:265.25,267.3 1 0
healthcare/controllers/article.go:269.2,269.66 1 1
healthcare/controllers/article.go:269.66,271.3 1 0
healthcare/controllers/article.go:273.2,273.101 1 1
healthcare/controllers/article.go:279.49,283.16 3 1
healthcare/controllers/article.go:283.16,285.3 1 1
healthcare/controllers/article.go:287.2,288.16 2 1
healthcare/controllers/article.go:288.16,290.3 1 1
healthcare/controllers/article.go:292.2,302.16 7 1
healthcare/controllers/article.go:302.16,304.3 1 0
healthcare/controllers/article.go:306.2,306.24 1 1
healthcare/controllers/article.go:306.24,308.3 1 0
healthcare/controllers/article.go:310.2,313.118 3 1
healthcare/controllers/article.go:316.49,322.110 4 1
healthcare/controllers/article.go:322.110,324.3 1 1
healthcare/controllers/article.go:326.2,328.102 2 1
healthcare/controllers/chatbot.go:19.36,22.16 3 1
healthcare/controllers/chatbot.go:22.16,24.3 1 1
healthcare/controllers/chatbot.go:26.2,26.56 1 1
healthcare/controllers/chatbot.go:26.56,28.3 1 1
healthcare/controllers/chatbot.go:30.2,44.16 3 1
healthcare/controllers/chatbot.go:44.16,47.3 2 0
healthcare/controllers/chatbot.go:49.2,49.59 1 1
healthcare/controllers/chatbot.go:49.59,51.3 1 0
healthcare/controllers/chatbot.go:53.2,54.59 2 1
healthcare/controllers/chatbot.go:54.59,56.3 1 0
healthcare/controllers/chatbot.go:56.8,58.3 1 1
healthcare/controllers/chatbot.go:61.44,64.16 3 1
healthcare/controllers/chatbot.go:64.16,66.3 1 1
healthcare/controllers/chatbot.go:68.2,68.56 1 1
healthcare/controllers/chatbot.go:68.56,70.3 1 1
healthcare/controllers/chatbot.go:72.2,72.75 1 1
healthcare/controllers/chatbot.go:72.75,76.3 2 1
healthcare/controllers/chatbot.go:76.8,76.80 1 1
healthcare/controllers/chatbot.go:76.80,80.3 2 1
healthcare/controllers/chatbot.go:80.8,80.85 1 1
healthcare/controllers/chatbot.go:80.85,83.3 2 1
healthcare/controllers/chatbot.go:83.8,86.3 2 1
healthcare/controllers/checkout.go:21.53,24.9 2 1
healthcare/controllers/checkout.go:24.9,26.3 1 1
healthcare/controllers/checkout.go:28.2,32.42 3 1
healthcare/controllers/checkout.go:32.42,34.3 1 1
healthcare/controllers/checkout.go:36.2,36.56 1 1
healthcare/controllers/checkout.go:36.56,38.3 1 1
healthcare/controllers/checkout.go:41.2,42.16 2 1
healthcare/controllers/checkout.go:42.16,44.3 1 0
healthcare/controllers/checkout.go:46.2,47.16 2 1
healthcare/controllers/checkout.go:47.16,49.3 1 0
healthcare/controllers/checkout.go:50.2,55.45 5 1
healthcare/controllers/checkout.go:55.45,56.22 1 1
healthcare/controllers/checkout.go:56.22,58.9 2 1
healthcare/controllers/checkout.go:61.2,61.14 1 1
healthcare/controllers/checkout.go:61.14,63.3 1 0
healthcare/controllers/checkout.go:65.2,66.16 2 1
healthcare/controllers/checkout.go:66.16,68.3 1 0
healthcare/controllers/checkout.go:70.2,73.132 3 1
healthcare/controllers/checkout.go:73.132,75.3 1 1
healthcare/controllers/checkout.go:77.2,78.126 2 1
healthcare/controllers/checkout.go:78.126,79.50 1 1
healthcare/controllers/checkout.go:79.50,81.4 1 0
healthcare/controllers/checkout.go:82.3,82.50 1 1
healthcare/controllers/checkout.go:82.50,84.4 1 0
healthcare/controllers/checkout.go:87.2,88.66 2 1
healthcare/controllers/checkout.go:88.66,90.3 1 0
healthcare/controllers/checkout.go:92.2,92.115 1 1
healthcare/controllers/checkout.go:92.115,94.3 1 0
healthcare/controllers/checkout.go:96.2,97.124 2 1
healthcare/controllers/checkout.go:97.124,99.3 1 0
healthcare/controllers/checkout.go:101.2,103.112 2 1
healthcare/controllers/checkout.go:107.54,110.9 2 1
healthcare/controllers/checkout.go:110.9,112.3 1 1
healthcare/controllers/checkout.go:114.2,117.16 3 1
healthcare/controllers/checkout.go:117.16,119.3 1 1
healthcare/controllers/checkout.go:121.2,123.16 2 1
healthcare/controllers/checkout.go:123.16,125.3 1 1
healthcare/controllers/checkout.go:127.2,133.16 4 1
healthcare/controllers/checkout.go:133.16,134.49 1 1
healthcare/controllers/checkout.go:134.49,136.4 1 1
healthcare/controllers/checkout.go:137.3,137.72 1 0
healthcare/controllers/checkout.go:140.2,144.119 3 1
healthcare/controllers/checkout.go:147.156,148.29 1 1
healthcare/controllers/checkout.go:148.29,150.3 1 0
healthcare/controllers/checkout.go:152.2,159.25 4 1
healthcare/controllers/checkout.go:159.25,161.3 1 1
healthcare/controllers/checkout.go:163.2,172.25 5 1
healthcare/controllers/checkout.go:172.25,174.3 1 0
healthcare/controllers/checkout.go:176.2,176.26 1 1
healthcare/controllers/checkout.go:176.26,178.3 1 1
healthcare/controllers/checkout.go:180.2,180.29 1 1
healthcare/controllers/checkout.go:183.58,186.9 2 1
healthcare/controllers/checkout.go:186.9,188.3 1 1
healthcare/controllers/checkout.go:190.2,191.16 2 1
healthcare/controllers/checkout.go:191.16,193.3 1 1
healthcare/controllers/checkout.go:195.2,202.25 3 1
healthcare/controllers/checkout.go:202.25,204.3 1 1
healthcare/controllers/checkout.go:206.2,208.103 2 1
healthcare/controllers/checkout.go:212.53,214.16 2 1
healthcare/controllers/checkout.go:214.16,216.3 1 1
healthcare/controllers/checkout.go:218.2,221.25 3 1
healthcare/controllers/checkout.go:221.25,223.3 1 1
healthcare/controllers/checkout.go:225.2,226.56 2 1
healthcare/controllers/checkout.go:226.56,228.3 1 1
healthcare/controllers/checkout.go:230.2,232.48 2 1
healthcare/controllers/checkout.go:232.48,234.74 2 1
healthcare/controllers/checkout.go:234.74,236.4 1 1
healthcare/controllers/checkout.go:239.2,239.50 1 1
healthcare/controllers/checkout.go:239.50,242.68 1 0
healthcare/controllers/checkout.go:242.68,244.4 1 0
healthcare/controllers/checkout.go:247.2,248.25 2 1
healthcare/controllers/checkout.go:248.25,250.3 1 0
healthcare/controllers/checkout.go:252.2,253.116 2 1
healthcare/controllers/checkout.go:253.116,255.3 1 0
healthcare/controllers/checkout.go:257.2,259.107 2 1
healthcare/controllers/checkout.go:262.66,263.37 1 1
healthcare/controllers/checkout.go:263.37,265.74 2 1
healthcare/controllers/checkout.go:265.74,267.4 1 0
healthcare/controllers/checkout.go:269.3,269.35 1 1
healthcare/controllers/checkout.go:269.35,271.4 1 1
healthcare/controllers/checkout.go:273.3,274.85 2 1
healthcare/controllers/checkout.go:274.85,276.4 1 0
healthcare/controllers/checkout.go:278.2,278.12 1 1
healthcare/controllers/checkout.go:282.55,286.16 3 1
healthcare/controllers/checkout.go:286.16,288.3 1 1
healthcare/controllers/checkout.go:290.2,291.16 2 1
healthcare/controllers/checkout.go:291.16,293.3 1 1
healthcare/controllers/checkout.go:295.2,300.21 4 1
healthcare/controllers/checkout.go:300.21,302.17 2 1
healthcare/controllers/checkout.go:302.17,304.4 1 1
healthcare/controllers/checkout.go:307.2,311.16 3 1
healthcare/controllers/checkout.go:311.16,312.49 1 1
healthcare/controllers/checkout.go:312.49,314.4 1 1
healthcare/controllers/checkout.go:315.3,315.72 1 0
healthcare/controllers/checkout.go:318.2,322.119 3 1
healthcare/controllers/checkout.go:325.149,326.29 1 1
healthcare/controllers/checkout.go:326.29,328.3 1 0
healthcare/controllers/checkout.go:330.2,337.17 4 1
healthcare/controllers/checkout.go:337.17,339.3 1 1
healthcare/controllers/checkout.go:341.2,341.25 1 1
healthcare/controllers/checkout.go:341.25,343.3 1 1
healthcare/controllers/checkout.go:345.2,354.25 5 1
healthcare/controllers/checkout.go:354.25,356.3 1 0
healthcare/controllers/checkout.go:358.2,358.26 1 1
healthcare/controllers/checkout.go:358.26,360.3 1 1
healthcare/controllers/checkout.go:362.2,362.29 1 1
healthcare/controllers/checkout.go:365.59,368.16 2 1
healthcare/controllers/checkout.go:368.16,370.3 1 1
healthcare/controllers/checkout.go:372.2,379.25 3 1
healthcare/controllers/checkout.go:379.25,381.3 1 1
healthcare/controllers/checkout.go:383.2,385.103 2 1
healthcare/controllers/doctor-transaction.go:20.179,22.29 1 1
healthcare/controllers/doctor-transaction.go:22.29,24.3 1 0
healthcare/controllers/doctor-transaction.go:26.2,31.25 4 1
healthcare/controllers/doctor-transaction.go:31.25,33.3 1 1
healthcare/controllers/doctor-transaction.go:35.2,41.25 4 1
healthcare/controllers/doctor-transaction.go:41.25,43.3 1 0
healthcare/controllers/doctor-transaction.go:45.2,45.26 1 1
healthcare/controllers/doctor-transaction.go:45.26,47.3 1 0
healthcare/controllers/doctor-transaction.go:49.2,49.29 1 1
healthcare/controllers/doctor-transaction.go:53.62,56.9 2 1
healthcare/controllers/doctor-transaction.go:56.9,58.3 1 1
healthcare/controllers/doctor-transaction.go:60.2,61.16 2 1
healthcare/controllers/doctor-transaction.go:61.16,63.3 1 1
healthcare/controllers/doctor-transaction.go:65.2,67.58 2 1
healthcare/controllers/doctor-transaction.go:67.58,69.3 1 0
healthcare/controllers/doctor-transaction.go:71.2,72.16 2 1
healthcare/controllers/doctor-transaction.go:72.16,74.3 1 0
healthcare/controllers/doctor-transaction.go:76.2,77.16 2 1
healthcare/controllers/doctor-transaction.go:77.16,79.3 1 0
healthcare/controllers/doctor-transaction.go:80.2,82.36 2 1
healthcare/controllers/doctor-transaction.go:82.36,84.3 1 0
healthcare/controllers/doctor-transaction.go:86.2,89.45 4 1
healthcare/controllers/doctor-transaction.go:89.45,90.22 1 1
healthcare/controllers/doctor-transaction.go:90.22,92.9 2 1
healthcare/controllers/doctor-transaction.go:95.2,95.14 1 1
healthcare/controllers/doctor-transaction.go:95.14,97.3 1 0
healthcare/controllers/doctor-transaction.go:99.2,100.16 2 1
healthcare/controllers/doctor-transaction.go:100.16,103.3 2 0
healthcare/controllers/doctor-transaction.go:105.2,107.72 2 1
healthcare/controllers/doctor-transaction.go:107.72,109.3 1 0
healthcare/controllers/doctor-transaction.go:111.2,113.49 2 1
healthcare/controllers/doctor-transaction.go:113.49,115.3 1 0
healthcare/controllers/doctor-transaction.go:117.2,119.94 2 1
healthcare/controllers/doctor-transaction.go:119.94,121.3 1 0
healthcare/controllers/doctor-transaction.go:123.2,125.68 2 1
healthcare/controllers/doctor-transaction.go:125.68,127.3 1 0
healthcare/controllers/doctor-transaction.go:129.2,131.110 2 1
healthcare/controllers/doctor-transaction.go:135.59,138.9 2 1
healthcare/controllers/doctor-transaction.go:138.9,141.3 2 1
healthcare/controllers/doctor-transaction.go:143.2,144.16 2 1
healthcare/controllers/doctor-transaction.go:144.16,146.3 1 1
healthcare/controllers/doctor-transaction.go:148.2,150.116 2 1
healthcare/controllers/doctor-transaction.go:150.116,152.3 1 1
healthcare/controllers/doctor-transaction.go:154.2,155.94 2 1
healthcare/controllers/doctor-transaction.go:155.94,157.3 1 0
healthcare/controllers/doctor-transaction.go:159.2,161.114 2 1
healthcare/controllers/doctor-transaction.go:165.63,168.9 2 1
healthcare/controllers/doctor-transaction.go:168.9,170.3 1 1
healthcare/controllers/doctor-transaction.go:172.2,175.16 3 1
healthcare/controllers/doctor-transaction.go:175.16,177.3 1 1
healthcare/controllers/doctor-transaction.go:179.2,180.16 2 1
healthcare/controllers/doctor-transaction.go:180.16,182.3 1 1
healthcare/controllers/doctor-transaction.go:184.2,186.49 2 1
healthcare/controllers/doctor-transaction.go:186.49,188.3 1 1
healthcare/controllers/doctor-transaction.go:191.2,191.25 1 1
healthcare/controllers/doctor-transaction.go:191.25,196.17 3 1
healthcare/controllers/doctor-transaction.go:196.17,198.4 1 0
healthcare/controllers/doctor-transaction.go:200.3,201.17 2 1
healthcare/controllers/doctor-transaction.go:201.17,203.4 1 0
healthcare/controllers/doctor-transaction.go:205.3,206.56 2 1
healthcare/controllers/doctor-transaction.go:206.56,210.18 3 1
healthcare/controllers/doctor-transaction.go:210.18,212.5 1 0
healthcare/controllers/doctor-transaction.go:214.4,214.112 1 1
healthcare/controllers/doctor-transaction.go:217.3,217.34 1 1
healthcare/controllers/doctor-transaction.go:217.34,219.4 1 0
healthcare/controllers/doctor-transaction.go:221.3,223.131 2 1
healthcare/controllers/doctor-transaction.go:228.2,231.16 3 1
healthcare/controllers/doctor-transaction.go:231.16,233.3 1 0
healthcare/controllers/doctor-transaction.go:235.2,236.55 2 1
healthcare/controllers/doctor-transaction.go:236.55,240.17 3 1
healthcare/controllers/doctor-transaction.go:240.17,242.4 1 0
healthcare/controllers/doctor-transaction.go:244.3,244.107 1 1
healthcare/controllers/doctor-transaction.go:247.2,247.34 1 1
healthcare/controllers/doctor-transaction.go:247.34,249.3 1 0
healthcare/controllers/doctor-transaction.go:251.2,253.130 2 1
healthcare/controllers/doctor.go:23.112,25.29 1 1
healthcare/controllers/doctor.go:25.29,27.3 1 0
healthcare/controllers/doctor.go:29.2,40.25 7 1
healthcare/controllers/doctor.go:40.25,42.3 1 0
healthcare/controllers/doctor.go:44.2,44.26 1 1
healthcare/controllers/doctor.go:44.26,46.3 1 1
healthcare/controllers/doctor.go:48.2,48.29 1 1
healthcare/controllers/doctor.go:52.60,55.40 2 1
healthcare/controllers/doctor.go:55.40,57.3 1 1
healthcare/controllers/doctor.go:58.2,58.54 1 1
healthcare/controllers/doctor.go:58.54,60.3 1 1
healthcare/controllers/doctor.go:62.2,65.16 3 1
healthcare/controllers/doctor.go:65.16,67.3 1 0
healthcare/controllers/doctor.go:69.2,70.16 2 1
healthcare/controllers/doctor.go:70.16,72.3 1 0
healthcare/controllers/doctor.go:73.2,75.36 2 1
healthcare/controllers/doctor.go:75.36,77.3 1 0
healthcare/controllers/doctor.go:79.2,82.45 4 1
healthcare/controllers/doctor.go:82.45,83.22 1 1
healthcare/controllers/doctor.go:83.22,85.9 2 1
healthcare/controllers/doctor.go:88.2,88.14 1 1
healthcare/controllers/doctor.go:88.14,90.3 1 0
healthcare/controllers/doctor.go:92.2,93.16 2 1
healthcare/controllers/doctor.go:93.16,95.3 1 0
healthcare/controllers/doctor.go:97.2,99.125 2 1
healthcare/controllers/doctor.go:99.125,101.3 1 0
healthcare/controllers/doctor.go:104.2,110.64 3 1
healthcare/controllers/doctor.go:110.64,112.3 1 0
healthcare/controllers/doctor.go:115.2,117.16 3 1
healthcare/controllers/doctor.go:117.16,119.3 1 0
healthcare/controllers/doctor.go:121.2,123.94 2 1
healthcare/controllers/doctor.go:127.50,130.46 2 1
healthcare/controllers/doctor.go:130.46,132.3 1 0
healthcare/controllers/doctor.go:134.2,134.60 1 1
healthcare/controllers/doctor.go:134.60,136.3 1 1
healthcare/controllers/doctor.go:138.2,139.118 2 1
healthcare/controllers/doctor.go:139.118,141.3 1 0
healthcare/controllers/doctor.go:143.2,143.87 1 1
healthcare/controllers/doctor.go:143.87,145.3 1 1
healthcare/controllers/doctor.go:148.2,149.16 2 1
healthcare/controllers/doctor.go:149.16,151.3 1 0
healthcare/controllers/doctor.go:153.2,156.24 3 1
healthcare/controllers/doctor.go:156.24,159.131 3 1
healthcare/controllers/doctor.go:159.131,161.4 1 0
healthcare/controllers/doctor.go:164.2,164.95 1 1
healthcare/controllers/doctor.go:167.47,169.16 2 1
healthcare/controllers/doctor.go:169.16,171.3 1 1
healthcare/controllers/doctor.go:173.2,174.16 2 1
healthcare/controllers/doctor.go:174.16,176.3 1 1
healthcare/controllers/doctor.go:178.2,188.16 7 1
healthcare/controllers/doctor.go:188.16,190.3 1 0
healthcare/controllers/doctor.go:192.2,192.23 1 1
healthcare/controllers/doctor.go:192.23,194.3 1 0
healthcare/controllers/doctor.go:196.2,199.117 3 1
healthcare/controllers/doctor.go:202.48,205.22 2 1
healthcare/controllers/doctor.go:205.22,207.3 1 1
healthcare/controllers/doctor.go:209.2,210.16 2 1
healthcare/controllers/doctor.go:210.16,212.3 1 1
healthcare/controllers/doctor.go:214.2,215.16 2 1
healthcare/controllers/doctor.go:215.16,217.3 1 1
healthcare/controllers/doctor.go:219.2,229.16 7 1
healthcare/controllers/doctor.go:229.16,231.3 1 0
healthcare/controllers/doctor.go:233.2,233.23 1 1
healthcare/controllers/doctor.go:233.23,235.3 1 0
healthcare/controllers/doctor.go:237.2,240.117 3 1
healthcare/controllers/doctor.go:244.55,246.9 2 1
healthcare/controllers/doctor.go:246.9,248.3 1 1
healthcare/controllers/doctor.go:250.2,251.66 2 1
healthcare/controllers/doctor.go:251.66,253.3 1 0
healthcare/controllers/doctor.go:255.2,257.109 2 1
healthcare/controllers/doctor.go:261.58,266.16 3 1
healthcare/controllers/doctor.go:266.16,268.3 1 1
healthcare/controllers/doctor.go:270.2,272.16 2 1
healthcare/controllers/doctor.go:272.16,274.3 1 1
healthcare/controllers/doctor.go:276.2,278.16 3 1
healthcare/controllers/doctor.go:278.16,279.49 1 1
healthcare/controllers/doctor.go:279.49,281.4 1 1
healthcare/controllers/doctor.go:282.3,282.83 1 0
healthcare/controllers/doctor.go:285.2,289.116 3 1
healthcare/controllers/doctor.go:293.51,295.9 2 1
healthcare/controllers/doctor.go:295.9,297.3 1 0
healthcare/controllers/doctor.go:300.2,302.25 3 1
healthcare/controllers/doctor.go:302.25,304.3 1 0
healthcare/controllers/doctor.go:307.2,308.47 2 1
healthcare/controllers/doctor.go:308.47,310.3 1 0
healthcare/controllers/doctor.go:313.2,314.152 2 1
healthcare/controllers/doctor.go:314.152,316.3 1 0
healthcare/controllers/doctor.go:319.2,319.61 1 1
healthcare/controllers/doctor.go:319.61,321.3 1 0
healthcare/controllers/doctor.go:324.2,324.34 1 1
healthcare/controllers/doctor.go:324.34,326.3 1 1
healthcare/controllers/doctor.go:328.2,329.16 2 1
healthcare/controllers/doctor.go:329.16,331.3 1 0
healthcare/controllers/doctor.go:333.2,334.16 2 1
healthcare/controllers/doctor.go:334.16,337.37 2 1
healthcare/controllers/doctor.go:337.37,339.4 1 0
healthcare/controllers/doctor.go:341.3,344.46 4 1
healthcare/controllers/doctor.go:344.46,345.23 1 1
healthcare/controllers/doctor.go:345.23,347.10 2 1
healthcare/controllers/doctor.go:350.3,350.15 1 1
healthcare/controllers/doctor.go:350.15,352.4 1 0
healthcare/controllers/doctor.go:354.3,355.17 2 1
healthcare/controllers/doctor.go:355.17,357.4 1 0
healthcare/controllers/doctor.go:359.3,359.48 1 1
healthcare/controllers/doctor.go:363.2,363.87 1 1
healthcare/controllers/doctor.go:363.87,365.3 1 0
healthcare/controllers/doctor.go:367.2,370.113 3 1
healthcare/controllers/doctor.go:374.58,376.16 2 1
healthcare/controllers/doctor.go:376.16,378.3 1 0
healthcare/controllers/doctor.go:381.2,383.25 3 1
healthcare/controllers/doctor.go:383.25,385.3 1 0
healthcare/controllers/doctor.go:388.2,389.47 2 1
healthcare/controllers/doctor.go:389.47,391.3 1 0
healthcare/controllers/doctor.go:394.2,395.152 2 1
healthcare/controllers/doctor.go:395.152,397.3 1 0
healthcare/controllers/doctor.go:400.2,400.61 1 1
healthcare/controllers/doctor.go:400.61,402.3 1 0
healthcare/controllers/doctor.go:405.2,405.34 1 1
healthcare/controllers/doctor.go:405.34,407.3 1 1
healthcare/controllers/doctor.go:409.2,410.16 2 1
healthcare/controllers/doctor.go:410.16,412.3 1 0
healthcare/controllers/doctor.go:414.2,415.16 2 1
healthcare/controllers/doctor.go:415.16,418.37 2 1
healthcare/controllers/doctor.go:418.37,420.4 1 0
healthcare/controllers/doctor.go:422.3,425.46 4 1
healthcare/controllers/doctor.go:425.46,426.23 1 1
healthcare/controllers/doctor.go:426.23,428.10 2 1
healthcare/controllers/doctor.go:431.3,431.15 1 1
healthcare/controllers/doctor.go:431.15,433.4 1 0
healthcare/controllers/doctor.go:435.3,436.17 2 1
healthcare/controllers/doctor.go:436.17,438.4 1 0
healthcare/controllers/doctor.go:440.3,440.48 1 1
healthcare/controllers/doctor.go:444.2,444.87 1 1
healthcare/controllers/doctor.go:444.87,446.3 1 0
healthcare/controllers/doctor.go:448.2,451.113 3 1
healthcare/controllers/doctor.go:455.51,457.9 2 1
healthcare/controllers/doctor.go:457.9,459.3 1 1
healthcare/controllers/doctor.go:461.2,463.25 3 1
healthcare/controllers/doctor.go:463.25,465.3 1 0
healthcare/controllers/doctor.go:467.2,467.65 1 1
healthcare/controllers/doctor.go:467.65,469.3 1 0
healthcare/controllers/doctor.go:471.2,471.108 1 1
healthcare/controllers/doctor.go:475.58,478.16 2 1
healthcare/controllers/doctor.go:478.16,480.3 1 1
healthcare/controllers/doctor.go:483.2,485.25 3 1
healthcare/controllers/doctor.go:485.25,487.3 1 1
healthcare/controllers/doctor.go:490.2,491.25 2 1
healthcare/controllers/doctor.go:491.25,493.3 1 0
healthcare/controllers/doctor.go:495.2,495.89 1 1
healthcare/controllers/doctor.go:499.52,501.16 2 1
healthcare/controllers/doctor.go:501.16,503.3 1 1
healthcare/controllers/doctor.go:505.2,507.25 3 1
healthcare/controllers/doctor.go:507.25,509.3 1 1
healthcare/controllers/doctor.go:511.2,513.109 2 1
healthcare/controllers/doctor.go:517.57,519.16 2 1
healthcare/controllers/doctor.go:519.16,521.3 1 1
healthcare/controllers/doctor.go:523.2,525.25 3 1
healthcare/controllers/doctor.go:525.25,527.3 1 1
healthcare/controllers/doctor.go:529.2,531.95 2 1
healthcare/controllers/doctor.go:535.52,537.9 2 1
healthcare/controllers/doctor.go:537.9,539.3 1 0
healthcare/controllers/doctor.go:542.2,543.16 2 1
healthcare/controllers/doctor.go:543.16,545.3 1 1
healthcare/controllers/doctor.go:547.2,548.16 2 1
healthcare/controllers/doctor.go:548.16,550.3 1 1
healthcare/controllers/doctor.go:552.2,562.19 8 1
healthcare/controllers/doctor.go:562.19,568.3 1 1
healthcare/controllers/doctor.go:568.8,568.31 1 1
healthcare/controllers/doctor.go:568.31,571.3 1 1
healthcare/controllers/doctor.go:571.8,571.32 1 1
healthcare/controllers/doctor.go:571.32,574.3 1 1
healthcare/controllers/doctor.go:574.8,574.27 1 1
healthcare/controllers/doctor.go:574.27,579.3 1 1
healthcare/controllers/doctor.go:579.8,582.3 1 1
healthcare/controllers/doctor.go:585.2,585.85 1 1
healthcare/controllers/doctor.go:585.85,587.3 1 0
healthcare/controllers/doctor.go:590.2,593.54 2 1
healthcare/controllers/doctor.go:593.54,595.3 1 0
healthcare/controllers/doctor.go:597.2,597.26 1 1
healthcare/controllers/doctor.go:597.26,599.3 1 1
healthcare/controllers/doctor.go:601.2,602.47 2 1
healthcare/controllers/doctor.go:602.47,605.71 3 1
healthcare/controllers/doctor.go:605.71,606.46 1 0
healthcare/controllers/doctor.go:606.47,607.5 0 0
healthcare/controllers/doctor.go:607.10,609.5 1 0
healthcare/controllers/doctor.go:612.3,613.42 2 1
healthcare/controllers/doctor.go:616.2,618.129 2 1
healthcare/controllers/doctor.go:622.55,625.9 2 1
healthcare/controllers/doctor.go:625.9,627.3 1 0
healthcare/controllers/doctor.go:630.2,631.45 2 1
healthcare/controllers/doctor.go:631.45,633.3 1 0
healthcare/controllers/doctor.go:634.2,634.59 1 1
healthcare/controllers/doctor.go:634.59,636.3 1 0
healthcare/controllers/doctor.go:639.2,639.72 1 1
healthcare/controllers/doctor.go:639.72,641.3 1 0
healthcare/controllers/doctor.go:644.2,645.16 2 1
healthcare/controllers/doctor.go:645.16,647.3 1 0
healthcare/controllers/doctor.go:650.2,652.16 3 1
healthcare/controllers/doctor.go:652.16,654.3 1 0
healthcare/controllers/doctor.go:657.2,657.50 1 1
healthcare/controllers/doctor.go:657.50,659.3 1 0
healthcare/controllers/doctor.go:662.2,662.37 1 1
healthcare/controllers/doctor.go:662.37,664.3 1 1
healthcare/controllers/doctor.go:666.2,666.37 1 1
healthcare/controllers/doctor.go:666.37,668.3 1 1
healthcare/controllers/doctor.go:671.2,671.66 1 1
healthcare/controllers/doctor.go:671.66,673.3 1 0
healthcare/controllers/doctor.go:676.2,678.16 3 1
healthcare/controllers/doctor.go:678.16,680.3 1 0
healthcare/controllers/doctor.go:682.2,683.132 2 1
healthcare/controllers/doctor.go:686.63,688.9 2 1
healthcare/controllers/doctor.go:688.9,690.3 1 1
healthcare/controllers/doctor.go:692.2,693.16 2 1
healthcare/controllers/doctor.go:693.16,695.3 1 1
healthcare/controllers/doctor.go:697.2,698.16 2 1
healthcare/controllers/doctor.go:698.16,700.3 1 1
healthcare/controllers/doctor.go:702.2,720.57 6 1
healthcare/controllers/doctor.go:720.57,722.3 1 0
healthcare/controllers/doctor.go:724.2,725.45 2 1
healthcare/controllers/doctor.go:725.45,727.76 2 1
healthcare/controllers/doctor.go:727.76,729.4 1 0
healthcare/controllers/doctor.go:732.3,732.100 1 1
healthcare/controllers/doctor.go:732.100,734.4 1 0
healthcare/controllers/doctor.go:736.3,737.66 2 1
healthcare/controllers/doctor.go:740.2,740.37 1 1
healthcare/controllers/doctor.go:740.37,742.3 1 0
healthcare/controllers/doctor.go:744.2,745.136 2 1
healthcare/controllers/doctor.go:749.57,752.9 2 1
healthcare/controllers/doctor.go:752.9,754.3 1 1
healthcare/controllers/doctor.go:757.2,758.47 2 1
healthcare/controllers/doctor.go:758.47,760.3 1 1
healthcare/controllers/doctor.go:763.2,763.61 1 1
healthcare/controllers/doctor.go:763.61,765.3 1 0
healthcare/controllers/doctor.go:768.2,770.25 3 1
healthcare/controllers/doctor.go:770.25,772.3 1 0
healthcare/controllers/doctor.go:775.2,776.63 2 1
healthcare/controllers/doctor.go:776.63,778.3 1 0
healthcare/controllers/doctor.go:780.2,781.112 2 1
healthcare/controllers/doctor.go:785.48,787.46 2 1
healthcare/controllers/doctor.go:787.46,789.3 1 0
healthcare/controllers/doctor.go:791.2,791.60 1 1
healthcare/controllers/doctor.go:791.60,793.3 1 1
healthcare/controllers/doctor.go:796.2,796.96 1 0
healthcare/controllers/doctor.go:796.96,798.3 1 0
healthcare/controllers/doctor.go:800.2,803.133 2 0
healthcare/controllers/doctor.go:803.133,805.3 1 0
healthcare/controllers/doctor.go:808.2,808.96 1 0
healthcare/controllers/doctor.go:808.96,810.3 1 0
healthcare/controllers/doctor.go:812.2,812.111 1 0
healthcare/controllers/doctor.go:815.52,817.44 2 1
healthcare/controllers/doctor.go:817.44,819.3 1 0
healthcare/controllers/doctor.go:821.2,821.58 1 1
healthcare/controllers/doctor.go:821.58,823.3 1 1
healthcare/controllers/doctor.go:825.2,825.84 1 1
healthcare/controllers/doctor.go:825.84,827.3 1 0
healthcare/controllers/doctor.go:829.2,829.97 1 1
healthcare/controllers/doctor.go:832.44,834.53 2 1
healthcare/controllers/doctor.go:834.53,836.3 1 0
healthcare/controllers/doctor.go:838.2,838.67 1 1
healthcare/controllers/doctor.go:838.67,840.3 1 1
healthcare/controllers/doctor.go:843.2,843.110 1 0
healthcare/controllers/doctor.go:843.110,845.3 1 0
healthcare/controllers/doctor.go:847.2,847.106 1 0
healthcare/controllers/doctor.go:850.54,853.9 2 1
healthcare/controllers/doctor.go:853.9,855.3 1 0
healthcare/controllers/doctor.go:858.2,860.25 3 1
healthcare/controllers/doctor.go:860.25,861.45 1 1
healthcare/controllers/doctor.go:861.45,863.4 1 1
healthcare/controllers/doctor.go:865.3,865.110 1 0
healthcare/controllers/doctor.go:868.2,870.108 2 1
healthcare/controllers/medicine-transaction.go:18.54,20.9 2 1
healthcare/controllers/medicine-transaction.go:20.9,22.3 1 1
healthcare/controllers/medicine-transaction.go:24.2,26.60 2 1
healthcare/controllers/medicine-transaction.go:26.60,28.3 1 1
healthcare/controllers/medicine-transaction.go:30.2,30.64 1 1
healthcare/controllers/medicine-transaction.go:30.64,31.25 1 1
healthcare/controllers/medicine-transaction.go:31.25,33.4 1 1
healthcare/controllers/medicine-transaction.go:34.3,34.23 1 1
healthcare/controllers/medicine-transaction.go:34.23,36.4 1 1
healthcare/controllers/medicine-transaction.go:39.2,39.74 1 1
healthcare/controllers/medicine-transaction.go:39.74,41.3 1 1
healthcare/controllers/medicine-transaction.go:43.2,46.57 3 1
healthcare/controllers/medicine-transaction.go:46.57,48.74 2 1
healthcare/controllers/medicine-transaction.go:48.74,50.4 1 1
healthcare/controllers/medicine-transaction.go:52.3,52.35 1 1
healthcare/controllers/medicine-transaction.go:52.35,54.4 1 0
healthcare/controllers/medicine-transaction.go:56.3,58.74 2 1
healthcare/controllers/medicine-transaction.go:61.2,63.70 2 1
healthcare/controllers/medicine-transaction.go:63.70,65.3 1 0
healthcare/controllers/medicine-transaction.go:67.2,69.124 2 1
healthcare/controllers/medicine-transaction.go:73.65,75.16 2 1
healthcare/controllers/medicine-transaction.go:75.16,77.3 1 1
healthcare/controllers/medicine-transaction.go:79.2,80.9 2 1
healthcare/controllers/medicine-transaction.go:80.9,82.3 1 1
healthcare/controllers/medicine-transaction.go:84.2,86.129 2 1
healthcare/controllers/medicine-transaction.go:86.129,88.3 1 1
healthcare/controllers/medicine-transaction.go:90.2,92.115 2 1
healthcare/controllers/medicine-transaction.go:95.64,98.9 2 1
healthcare/controllers/medicine-transaction.go:98.9,100.3 1 0
healthcare/controllers/medicine-transaction.go:102.2,103.16 2 1
healthcare/controllers/medicine-transaction.go:103.16,105.3 1 1
healthcare/controllers/medicine-transaction.go:107.2,108.132 2 1
healthcare/controllers/medicine-transaction.go:108.132,110.3 1 1
healthcare/controllers/medicine-transaction.go:112.2,112.70 1 1
healthcare/controllers/medicine-transaction.go:112.70,114.3 1 0
healthcare/controllers/medicine-transaction.go:116.2,116.114 1 1
healthcare/controllers/medicine-transaction.go:119.61,121.9 2 1
healthcare/controllers/medicine-transaction.go:121.9,123.3 1 1
healthcare/controllers/medicine-transaction.go:125.2,128.16 3 1
healthcare/controllers/medicine-transaction.go:128.16,130.3 1 1
healthcare/controllers/medicine-transaction.go:132.2,134.16 2 1
healthcare/controllers/medicine-transaction.go:134.16,136.3 1 1
healthcare/controllers/medicine-transaction.go:138.2,144.16 4 1
healthcare/controllers/medicine-transaction.go:144.16,145.49 1 1
healthcare/controllers/medicine-transaction.go:145.49,147.4 1 1
healthcare/controllers/medicine-transaction.go:148.3,148.72 1 0
healthcare/controllers/medicine-transaction.go:151.2,155.131 3 1
healthcare/controllers/medicine-transaction.go:158.134,159.29 1 1
healthcare/controllers/medicine-transaction.go:159.29,161.3 1 0
healthcare/controllers/medicine-transaction.go:163.2,167.18 4 1
healthcare/controllers/medicine-transaction.go:167.18,169.3 1 1
healthcare/controllers/medicine-transaction.go:171.2,179.25 4 1
healthcare/controllers/medicine-transaction.go:179.25,181.3 1 0
healthcare/controllers/medicine-transaction.go:183.2,183.26 1 1
healthcare/controllers/medicine-transaction.go:183.26,185.3 1 1
healthcare/controllers/medicine-transaction.go:187.2,187.41 1 1
healthcare/controllers/medicine.go:23.53,27.42 2 1
healthcare/controllers/medicine.go:27.42,30.3 2 1
healthcare/controllers/medicine.go:32.2,32.56 1 1
healthcare/controllers/medicine.go:32.56,35.3 2 1
healthcare/controllers/medicine.go:38.2,39.16 2 1
healthcare/controllers/medicine.go:39.16,41.3 1 0
healthcare/controllers/medicine.go:43.2,44.16 2 1
healthcare/controllers/medicine.go:44.16,46.3 1 0
healthcare/controllers/medicine.go:47.2,52.45 5 1
healthcare/controllers/medicine.go:52.45,53.22 1 1
healthcare/controllers/medicine.go:53.22,55.9 2 1
healthcare/controllers/medicine.go:58.2,58.14 1 1
healthcare/controllers/medicine.go:58.14,60.3 1 0
healthcare/controllers/medicine.go:62.2,63.16 2 1
healthcare/controllers/medicine.go:63.16,65.3 1 0
healthcare/controllers/medicine.go:67.2,71.66 3 1
healthcare/controllers/medicine.go:71.66,73.3 1 0
healthcare/controllers/medicine.go:75.2,77.112 2 1
healthcare/controllers/medicine.go:81.53,83.16 2 1
healthcare/controllers/medicine.go:83.16,85.3 1 1
healthcare/controllers/medicine.go:87.2,90.25 3 1
healthcare/controllers/medicine.go:90.25,92.3 1 1
healthcare/controllers/medicine.go:94.2,96.56 2 1
healthcare/controllers/medicine.go:96.56,98.3 1 0
healthcare/controllers/medicine.go:100.2,100.70 1 1
healthcare/controllers/medicine.go:100.70,102.3 1 0
healthcare/controllers/medicine.go:104.2,105.25 2 1
healthcare/controllers/medicine.go:105.25,107.3 1 0
healthcare/controllers/medicine.go:109.2,111.107 2 1
healthcare/controllers/medicine.go:115.58,117.16 2 1
healthcare/controllers/medicine.go:117.16,119.3 1 1
healthcare/controllers/medicine.go:121.2,122.78 2 1
healthcare/controllers/medicine.go:122.78,124.3 1 1
healthcare/controllers/medicine.go:126.2,127.16 2 1
healthcare/controllers/medicine.go:127.16,129.3 1 0
healthcare/controllers/medicine.go:131.2,132.16 2 1
healthcare/controllers/medicine.go:132.16,134.3 1 0
healthcare/controllers/medicine.go:135.2,140.45 5 1
healthcare/controllers/medicine.go:140.45,141.22 1 1
healthcare/controllers/medicine.go:141.22,143.9 2 1
healthcare/controllers/medicine.go:146.2,146.14 1 1
healthcare/controllers/medicine.go:146.14,148.3 1 0
healthcare/controllers/medicine.go:150.2,151.16 2 1
healthcare/controllers/medicine.go:151.16,153.3 1 0
healthcare/controllers/medicine.go:155.2,155.34 1 1
healthcare/controllers/medicine.go:155.34,158.64 2 1
healthcare/controllers/medicine.go:158.64,160.4 1 1
healthcare/controllers/medicine.go:163.2,165.65 2 1
healthcare/controllers/medicine.go:165.65,167.3 1 0
healthcare/controllers/medicine.go:169.2,170.113 2 1
healthcare/controllers/medicine.go:174.53,176.16 2 1
healthcare/controllers/medicine.go:176.16,178.3 1 1
healthcare/controllers/medicine.go:180.2,183.25 3 1
healthcare/controllers/medicine.go:183.25,185.3 1 1
healthcare/controllers/medicine.go:187.2,188.25 2 1
healthcare/controllers/medicine.go:188.25,190.3 1 0
healthcare/controllers/medicine.go:192.2,192.102 1 1
healthcare/controllers/medicine.go:196.58,198.16 2 1
healthcare/controllers/medicine.go:198.16,200.3 1 1
healthcare/controllers/medicine.go:202.2,203.70 2 1
healthcare/controllers/medicine.go:203.70,205.3 1 1
healthcare/controllers/medicine.go:207.2,207.26 1 1
healthcare/controllers/medicine.go:207.26,210.61 3 1
healthcare/controllers/medicine.go:210.61,213.4 2 1
healthcare/controllers/medicine.go:216.2,218.57 2 1
healthcare/controllers/medicine.go:218.57,220.3 1 0
healthcare/controllers/medicine.go:222.2,222.108 1 1
healthcare/controllers/medicine.go:226.55,228.16 2 1
healthcare/controllers/medicine.go:228.16,230.3 1 1
healthcare/controllers/medicine.go:232.2,233.62 2 1
healthcare/controllers/medicine.go:233.62,235.3 1 1
healthcare/controllers/medicine.go:237.2,239.109 2 1
healthcare/controllers/medicine.go:242.129,244.29 1 1
healthcare/controllers/medicine.go:244.29,246.3 1 0
healthcare/controllers/medicine.go:248.2,253.19 4 1
healthcare/controllers/medicine.go:253.19,255.3 1 0
healthcare/controllers/medicine.go:257.2,257.20 1 1
healthcare/controllers/medicine.go:257.20,259.3 1 0
healthcare/controllers/medicine.go:261.2,261.21 1 1
healthcare/controllers/medicine.go:261.21,263.3 1 0
healthcare/controllers/medicine.go:265.2,265.20 1 1
healthcare/controllers/medicine.go:265.20,267.3 1 0
healthcare/controllers/medicine.go:269.2,275.25 4 1
healthcare/controllers/medicine.go:275.25,277.3 1 0
healthcare/controllers/medicine.go:279.2,279.26 1 1
healthcare/controllers/medicine.go:279.26,281.3 1 1
healthcare/controllers/medicine.go:283.2,283.29 1 1
healthcare/controllers/medicine.go:287.55,291.16 3 1
healthcare/controllers/medicine.go:291.16,293.3 1 1
healthcare/controllers/medicine.go:295.2,297.16 2 1
healthcare/controllers/medicine.go:297.16,299.3 1 1
healthcare/controllers/medicine.go:301.2,309.16 6 1
healthcare/controllers/medicine.go:309.16,310.49 1 1
healthcare/controllers/medicine.go:310.49,312.4 1 1
healthcare/controllers/medicine.go:313.3,313.72 1 0
healthcare/controllers/medicine.go:316.2,320.119 3 1
healthcare/controllers/medicine.go:324.59,326.16 2 1
healthcare/controllers/medicine.go:326.16,328.3 1 1
healthcare/controllers/medicine.go:330.2,332.62 2 1
healthcare/controllers/medicine.go:332.62,334.3 1 1
healthcare/controllers/medicine.go:336.2,338.103 2 1
healthcare/controllers/medicine.go:342.54,345.16 3 1
healthcare/controllers/medicine.go:345.16,347.3 1 1
healthcare/controllers/medicine.go:349.2,350.16 2 1
healthcare/controllers/medicine.go:350.16,352.3 1 1
healthcare/controllers/medicine.go:354.2,362.16 6 1
healthcare/controllers/medicine.go:362.16,363.49 1 1
healthcare/controllers/medicine.go:363.49,365.4 1 1
healthcare/controllers/medicine.go:366.3,366.72 1 0
healthcare/controllers/medicine.go:369.2,373.119 3 1
healthcare/controllers/medicine.go:377.58,379.16 2 1
healthcare/controllers/medicine.go:379.16,381.3 1 1
healthcare/controllers/medicine.go:383.2,385.62 2 1
healthcare/controllers/medicine.go:385.62,387.3 1 1
healthcare/controllers/medicine.go:389.2,391.103 2 1
healthcare/controllers/message.go:19.61,22.9 2 1
healthcare/controllers/message.go:22.9,24.3 1 1
healthcare/controllers/message.go:26.2,27.16 2 1
healthcare/controllers/message.go:27.16,29.3 1 1
healthcare/controllers/message.go:31.2,32.88 2 1
healthcare/controllers/message.go:32.88,34.3 1 1
healthcare/controllers/message.go:36.2,36.98 1 1
healthcare/controllers/message.go:36.98,38.3 1 0
healthcare/controllers/message.go:40.2,41.139 2 1
healthcare/controllers/message.go:41.139,43.3 1 1
healthcare/controllers/message.go:45.2,47.57 2 1
healthcare/controllers/message.go:47.57,49.3 1 1
healthcare/controllers/message.go:51.2,51.71 1 1
healthcare/controllers/message.go:51.71,53.3 1 0
healthcare/controllers/message.go:55.2,56.16 2 1
healthcare/controllers/message.go:56.16,58.3 1 0
healthcare/controllers/message.go:60.2,62.16 2 1
healthcare/controllers/message.go:62.16,67.36 3 1
healthcare/controllers/message.go:67.36,69.4 1 0
healthcare/controllers/message.go:71.3,74.46 4 1
healthcare/controllers/message.go:74.46,75.23 1 1
healthcare/controllers/message.go:75.23,77.10 2 1
healthcare/controllers/message.go:80.3,80.15 1 1
healthcare/controllers/message.go:80.15,82.4 1 0
healthcare/controllers/message.go:84.3,85.17 2 1
healthcare/controllers/message.go:85.17,87.4 1 0
healthcare/controllers/message.go:89.3,91.83 2 1
healthcare/controllers/message.go:91.83,93.4 1 0
healthcare/controllers/message.go:96.2,98.16 2 1
healthcare/controllers/message.go:98.16,103.36 3 1
healthcare/controllers/message.go:103.36,105.4 1 0
healthcare/controllers/message.go:107.3,110.51 4 1
healthcare/controllers/message.go:110.51,111.23 1 1
healthcare/controllers/message.go:111.23,113.10 2 1
healthcare/controllers/message.go:116.3,116.15 1 1
healthcare/controllers/message.go:116.15,118.4 1 0
healthcare/controllers/message.go:120.3,121.17 2 1
healthcare/controllers/message.go:121.17,123.4 1 0
healthcare/controllers/message.go:125.3,127.83 2 1
healthcare/controllers/message.go:127.83,129.4 1 0
healthcare/controllers/message.go:132.2,134.60 2 1
healthcare/controllers/message.go:134.60,136.3 1 0
healthcare/controllers/message.go:138.2,140.106 2 1
healthcare/controllers/message.go:144.58,147.9 2 1
healthcare/controllers/message.go:147.9,149.3 1 1
healthcare/controllers/message.go:151.2,152.16 2 1
healthcare/controllers/message.go:152.16,154.3 1 1
healthcare/controllers/message.go:156.2,157.88 2 1
healthcare/controllers/message.go:157.88,159.3 1 1
healthcare/controllers/message.go:161.2,161.98 1 1
healthcare/controllers/message.go:161.98,163.3 1 0
healthcare/controllers/message.go:165.2,166.143 2 1
healthcare/controllers/message.go:166.143,168.3 1 1
healthcare/controllers/message.go:170.2,172.54 2 1
healthcare/controllers/message.go:172.54,174.3 1 1
healthcare/controllers/message.go:176.2,176.68 1 1
healthcare/controllers/message.go:176.68,178.3 1 0
healthcare/controllers/message.go:180.2,181.16 2 1
healthcare/controllers/message.go:181.16,183.3 1 0
healthcare/controllers/message.go:186.2,188.16 2 1
healthcare/controllers/message.go:188.16,191.37 2 1
healthcare/controllers/message.go:191.37,193.4 1 0
healthcare/controllers/message.go:195.3,198.46 4 1
healthcare/controllers/message.go:198.46,199.23 1 1
healthcare/controllers/message.go:199.23,201.10 2 1
healthcare/controllers/message.go:204.3,204.15 1 1
healthcare/controllers/message.go:204.15,206.4 1 0
healthcare/controllers/message.go:208.3,209.17 2 1
healthcare/controllers/message.go:209.17,211.4 1 0
healthcare/controllers/message.go:213.3,215.77 2 1
healthcare/controllers/message.go:215.77,217.4 1 0
healthcare/controllers/message.go:220.2,222.16 2 1
healthcare/controllers/message.go:222.16,227.36 3 1
healthcare/controllers/message.go:227.36,229.4 1 0
healthcare/controllers/message.go:231.3,234.51 4 1
healthcare/controllers/message.go:234.51,235.23 1 1
healthcare/controllers/message.go:235.23,237.10 2 1
healthcare/controllers/message.go:240.3,240.15 1 1
healthcare/controllers/message.go:240.15,242.4 1 0
healthcare/controllers/message.go:244.3,245.17 2 1
healthcare/controllers/message.go:245.17,247.4 1 0
healthcare/controllers/message.go:249.3,251.77 2 1
healthcare/controllers/message.go:251.77,253.4 1 0
healthcare/controllers/message.go:256.2,258.57 2 1
healthcare/controllers/message.go:258.57,260.3 1 0
healthcare/controllers/message.go:262.2,264.103 2 1
healthcare/controllers/roomchat.go:21.167,23.29 1 1
healthcare/controllers/roomchat.go:23.29,25.3 1 0
healthcare/controllers/roomchat.go:27.2,32.20 4 1
healthcare/controllers/roomchat.go:32.20,34.3 1 1
healthcare/controllers/roomchat.go:36.2,42.25 4 1
healthcare/controllers/roomchat.go:42.25,44.3 1 0
healthcare/controllers/roomchat.go:46.2,46.26 1 1
healthcare/controllers/roomchat.go:46.26,48.3 1 1
healthcare/controllers/roomchat.go:50.2,50.29 1 1
healthcare/controllers/roomchat.go:54.53,57.9 2 1
healthcare/controllers/roomchat.go:57.9,59.3 1 1
healthcare/controllers/roomchat.go:61.2,62.16 2 1
healthcare/controllers/roomchat.go:62.16,64.3 1 1
healthcare/controllers/roomchat.go:66.2,68.103 2 1
healthcare/controllers/roomchat.go:68.103,70.3 1 1
healthcare/controllers/roomchat.go:72.2,74.147 2 1
healthcare/controllers/roomchat.go:74.147,76.3 1 1
healthcare/controllers/roomchat.go:78.2,85.59 6 1
healthcare/controllers/roomchat.go:85.59,87.3 1 0
healthcare/controllers/roomchat.go:89.2,92.16 3 1
healthcare/controllers/roomchat.go:92.16,96.26 3 1
healthcare/controllers/roomchat.go:96.26,98.4 1 0
healthcare/controllers/roomchat.go:100.3,101.17 2 1
healthcare/controllers/roomchat.go:101.17,103.4 1 0
healthcare/controllers/roomchat.go:107.2,107.100 1 1
healthcare/controllers/roomchat.go:111.54,114.9 2 1
healthcare/controllers/roomchat.go:114.9,116.3 1 1
healthcare/controllers/roomchat.go:118.2,119.16 2 1
healthcare/controllers/roomchat.go:119.16,121.3 1 1
healthcare/controllers/roomchat.go:123.2,124.88 2 1
healthcare/controllers/roomchat.go:124.88,126.3 1 1
healthcare/controllers/roomchat.go:128.2,129.139 2 1
healthcare/controllers/roomchat.go:129.139,131.3 1 1
healthcare/controllers/roomchat.go:133.2,134.105 2 1
healthcare/controllers/roomchat.go:134.105,136.3 1 0
healthcare/controllers/roomchat.go:138.2,138.82 1 1
healthcare/controllers/roomchat.go:138.82,140.58 2 0
healthcare/controllers/roomchat.go:140.58,142.4 1 0
healthcare/controllers/roomchat.go:145.2,146.100 2 1
healthcare/controllers/roomchat.go:146.100,148.3 1 0
healthcare/controllers/roomchat.go:150.2,152.104 2 1
healthcare/controllers/roomchat.go:156.56,159.9 2 1
healthcare/controllers/roomchat.go:159.9,161.3 1 1
healthcare/controllers/roomchat.go:163.2,164.16 2 1
healthcare/controllers/roomchat.go:164.16,166.3 1 1
healthcare/controllers/roomchat.go:168.2,169.88 2 1
healthcare/controllers/roomchat.go:169.88,171.3 1 1
healthcare/controllers/roomchat.go:173.2,174.143 2 1
healthcare/controllers/roomchat.go:174.143,176.3 1 1
healthcare/controllers/roomchat.go:178.2,179.105 2 1
healthcare/controllers/roomchat.go:179.105,181.3 1 0
healthcare/controllers/roomchat.go:183.2,183.82 1 1
healthcare/controllers/roomchat.go:183.82,185.58 2 0
healthcare/controllers/roomchat.go:185.58,187.4 1 0
healthcare/controllers/roomchat.go:190.2,191.96 2 1
healthcare/controllers/roomchat.go:191.96,193.3 1 0
healthcare/controllers/roomchat.go:195.2,197.104 2 1
healthcare/controllers/roomchat.go:201.59,204.9 2 1
healthcare/controllers/roomchat.go:204.9,206.3 1 1
healthcare/controllers/roomchat.go:208.2,209.16 2 1
healthcare/controllers/roomchat.go:209.16,211.3 1 1
healthcare/controllers/roomchat.go:213.2,214.16 2 1
healthcare/controllers/roomchat.go:214.16,216.3 1 1
healthcare/controllers/roomchat.go:218.2,220.20 2 1
healthcare/controllers/roomchat.go:220.20,225.17 3 1
healthcare/controllers/roomchat.go:225.17,227.4 1 1
healthcare/controllers/roomchat.go:229.3,229.62 1 1
healthcare/controllers/roomchat.go:229.62,231.84 1 1
healthcare/controllers/roomchat.go:231.84,232.46 1 1
healthcare/controllers/roomchat.go:232.46,234.6 1 1
healthcare/controllers/roomchat.go:236.5,236.23 1 0
healthcare/controllers/roomchat.go:239.4,239.127 1 1
healthcare/controllers/roomchat.go:242.3,243.64 2 1
healthcare/controllers/roomchat.go:243.64,246.103 2 1
healthcare/controllers/roomchat.go:246.103,248.60 2 0
healthcare/controllers/roomchat.go:248.60,250.6 1 0
healthcare/controllers/roomchat.go:253.4,253.52 1 1
healthcare/controllers/roomchat.go:253.52,254.13 1 0
healthcare/controllers/roomchat.go:257.4,257.42 1 1
healthcare/controllers/roomchat.go:257.42,258.13 1 0
healthcare/controllers/roomchat.go:261.4,261.52 1 1
healthcare/controllers/roomchat.go:261.52,262.13 1 0
healthcare/controllers/roomchat.go:265.4,266.92 2 1
healthcare/controllers/roomchat.go:266.92,268.5 1 0
healthcare/controllers/roomchat.go:270.4,271.51 2 1
healthcare/controllers/roomchat.go:271.51,273.5 1 1
healthcare/controllers/roomchat.go:275.4,276.43 2 1
healthcare/controllers/roomchat.go:279.3,281.121 2 1
healthcare/controllers/roomchat.go:285.2,288.16 3 1
healthcare/controllers/roomchat.go:288.16,290.3 1 1
healthcare/controllers/roomchat.go:292.2,292.61 1 1
healthcare/controllers/roomchat.go:292.61,294.83 1 1
healthcare/controllers/roomchat.go:294.83,295.45 1 1
healthcare/controllers/roomchat.go:295.45,297.5 1 1
healthcare/controllers/roomchat.go:299.4,299.22 1 0
healthcare/controllers/roomchat.go:302.3,302.126 1 1
healthcare/controllers/roomchat.go:305.2,306.63 2 1
healthcare/controllers/roomchat.go:306.63,309.102 2 1
healthcare/controllers/roomchat.go:309.102,311.59 2 0
healthcare/controllers/roomchat.go:311.59,313.5 1 0
healthcare/controllers/roomchat.go:316.3,316.51 1 1
healthcare/controllers/roomchat.go:316.51,317.12 1 0
healthcare/controllers/roomchat.go:320.3,320.41 1 1
healthcare/controllers/roomchat.go:320.41,321.12 1 0
healthcare/controllers/roomchat.go:324.3,324.51 1 1
healthcare/controllers/roomchat.go:324.51,325.12 1 0
healthcare/controllers/roomchat.go:328.3,329.91 2 1
healthcare/controllers/roomchat.go:329.91,331.4 1 0
healthcare/controllers/roomchat.go:333.3,334.50 2 1
healthcare/controllers/roomchat.go:334.50,336.4 1 1
healthcare/controllers/roomchat.go:338.3,339.42 2 1
healthcare/controllers/roomchat.go:342.2,344.120 2 1
healthcare/controllers/user.go:25.51,28.38 2 1
healthcare/controllers/user.go:28.38,30.3 1 0
healthcare/controllers/user.go:32.2,32.52 1 1
healthcare/controllers/user.go:32.52,34.3 1 0
healthcare/controllers/user.go:36.2,39.148 3 1
healthcare/controllers/user.go:39.148,41.3 1 0
healthcare/controllers/user.go:43.2,44.62 2 1
healthcare/controllers/user.go:44.62,46.3 1 0
healthcare/controllers/user.go:49.2,50.16 2 1
healthcare/controllers/user.go:50.16,52.3 1 0
healthcare/controllers/user.go:55.2,56.151 2 1
healthcare/controllers/user.go:60.48,63.46 2 1
healthcare/controllers/user.go:63.46,65.3 1 0
healthcare/controllers/user.go:67.2,67.60 1 1
healthcare/controllers/user.go:67.60,69.3 1 1
healthcare/controllers/user.go:71.2,72.116 2 1
healthcare/controllers/user.go:72.116,74.3 1 0
healthcare/controllers/user.go:77.2,77.22 1 1
healthcare/controllers/user.go:77.22,79.3 1 0
healthcare/controllers/user.go:80.2,80.85 1 1
healthcare/controllers/user.go:80.85,82.3 1 1
healthcare/controllers/user.go:84.2,87.16 3 1
healthcare/controllers/user.go:87.16,89.3 1 0
healthcare/controllers/user.go:91.2,94.16 3 1
healthcare/controllers/user.go:94.16,96.3 1 0
healthcare/controllers/user.go:98.2,98.93 1 1
healthcare/controllers/user.go:101.106,103.29 1 1
healthcare/controllers/user.go:103.29,105.3 1 0
healthcare/controllers/user.go:107.2,118.25 7 1
healthcare/controllers/user.go:118.25,120.3 1 0
healthcare/controllers/user.go:122.2,122.26 1 1
healthcare/controllers/user.go:122.26,124.3 1 0
healthcare/controllers/user.go:126.2,126.29 1 1
healthcare/controllers/user.go:130.56,135.16 3 1
healthcare/controllers/user.go:135.16,137.3 1 1
healthcare/controllers/user.go:139.2,141.16 2 1
healthcare/controllers/user.go:141.16,143.3 1 1
healthcare/controllers/user.go:145.2,147.16 3 1
healthcare/controllers/user.go:147.16,148.49 1 0
healthcare/controllers/user.go:148.49,150.4 1 0
healthcare/controllers/user.go:151.3,151.83 1 0
healthcare/controllers/user.go:154.2,158.114 3 1
healthcare/controllers/user.go:162.46,165.9 2 1
healthcare/controllers/user.go:165.9,167.3 1 1
healthcare/controllers/user.go:169.2,171.62 2 1
healthcare/controllers/user.go:171.62,173.3 1 0
healthcare/controllers/user.go:175.2,177.101 2 1
healthcare/controllers/user.go:181.55,183.16 2 1
healthcare/controllers/user.go:183.16,185.3 1 1
healthcare/controllers/user.go:186.2,188.25 3 1
healthcare/controllers/user.go:188.25,190.3 1 1
healthcare/controllers/user.go:191.2,193.101 2 1
healthcare/controllers/user.go:197.62,200.16 2 0
healthcare/controllers/user.go:200.16,202.3 1 0
healthcare/controllers/user.go:204.2,205.16 2 0
healthcare/controllers/user.go:205.16,207.3 1 0
healthcare/controllers/user.go:209.2,210.16 2 0
healthcare/controllers/user.go:210.16,212.3 1 0
healthcare/controllers/user.go:214.2,219.24 4 0
healthcare/controllers/user.go:219.24,221.3 1 0
healthcare/controllers/user.go:223.2,223.53 1 0
healthcare/controllers/user.go:223.53,226.3 2 0
healthcare/controllers/user.go:229.2,234.37 4 0
healthcare/controllers/user.go:234.37,236.3 1 0
healthcare/controllers/user.go:237.2,237.35 1 0
healthcare/controllers/user.go:237.35,239.3 1 0
healthcare/controllers/user.go:240.2,242.34 2 0
healthcare/controllers/user.go:242.34,244.3 1 0
healthcare/controllers/user.go:246.2,249.134 3 0
healthcare/controllers/user.go:253.49,256.9 2 1
healthcare/controllers/user.go:256.9,259.3 2 0
healthcare/controllers/user.go:261.2,264.25 3 1
healthcare/controllers/user.go:264.25,267.3 2 0
healthcare/controllers/user.go:269.2,271.45 2 1
healthcare/controllers/user.go:271.45,273.3 1 0
healthcare/controllers/user.go:275.2,276.148 2 1
healthcare/controllers/user.go:276.148,278.3 1 0
healthcare/controllers/user.go:280.2,280.59 1 1
healthcare/controllers/user.go:280.59,282.3 1 0
healthcare/controllers/user.go:284.2,285.16 2 1
healthcare/controllers/user.go:285.16,287.3 1 0
healthcare/controllers/user.go:289.2,291.16 2 1
healthcare/controllers/user.go:291.16,294.37 2 1
healthcare/controllers/user.go:294.37,296.4 1 0
healthcare/controllers/user.go:298.3,301.46 4 1
healthcare/controllers/user.go:301.46,302.23 1 1
healthcare/controllers/user.go:302.23,304.10 2 1
healthcare/controllers/user.go:307.3,307.15 1 1
healthcare/controllers/user.go:307.15,309.4 1 0
healthcare/controllers/user.go:311.3,312.17 2 1
healthcare/controllers/user.go:312.17,314.4 1 0
healthcare/controllers/user.go:316.3,316.46 1 1
healthcare/controllers/user.go:319.2,324.35 5 1
healthcare/controllers/user.go:324.35,326.3 1 0
healthcare/controllers/user.go:328.2,328.41 1 1
healthcare/controllers/user.go:328.41,330.3 1 0
healthcare/controllers/user.go:332.2,332.41 1 1
healthcare/controllers/user.go:332.41,334.3 1 0
healthcare/controllers/user.go:336.2,340.100 3 1
healthcare/controllers/user.go:344.49,347.9 2 1
healthcare/controllers/user.go:347.9,349.3 1 1
healthcare/controllers/user.go:351.2,353.25 3 1
healthcare/controllers/user.go:353.25,355.3 1 0
healthcare/controllers/user.go:357.2,359.91 2 1
healthcare/controllers/user.go:362.56,365.16 2 1
healthcare/controllers/user.go:365.16,367.3 1 1
healthcare/controllers/user.go:370.2,372.25 3 1
healthcare/controllers/user.go:372.25,374.3 1 1
healthcare/controllers/user.go:377.2,378.25 2 1
healthcare/controllers/user.go:378.25,380.3 1 0
healthcare/controllers/user.go:382.2,382.93 1 1
healthcare/controllers/user.go:386.46,388.53 2 0
healthcare/controllers/user.go:388.53,390.3 1 0
healthcare/controllers/user.go:392.2,392.67 1 0
healthcare/controllers/user.go:392.67,394.3 1 0
healthcare/controllers/user.go:396.2,399.108 3 0
healthcare/controllers/user.go:399.108,401.3 1 0
healthcare/controllers/user.go:404.2,404.93 1 0
healthcare/controllers/user.go:404.93,406.3 1 0
healthcare/controllers/user.go:409.2,410.12 2 0
healthcare/controllers/user.go:410.12,413.17 3 0
healthcare/controllers/user.go:413.17,415.4 1 0
healthcare/controllers/user.go:418.2,418.106 1 0
healthcare/controllers/user.go:421.46,423.46 2 1
healthcare/controllers/user.go:423.46,425.3 1 0
healthcare/controllers/user.go:427.2,427.60 1 1
healthcare/controllers/user.go:427.60,429.3 1 1
healthcare/controllers/user.go:432.2,432.94 1 0
healthcare/controllers/user.go:432.94,434.3 1 0
healthcare/controllers/user.go:436.2,439.136 2 0
healthcare/controllers/user.go:439.136,441.3 1 0
healthcare/controllers/user.go:444.2,444.94 1 0
healthcare/controllers/user.go:444.94,446.3 1 0
healthcare/controllers/user.go:448.2,448.109 1 0
healthcare/controllers/user.go:451.50,453.44 2 1
healthcare/controllers/user.go:453.44,455.3 1 0
healthcare/controllers/user.go:457.2,457.58 1 1
healthcare/controllers/user.go:457.58,459.3 1 1
healthcare/controllers/user.go:461.2,461.82 1 0
healthcare/controllers/user.go:461.82,463.3 1 0
healthcare/controllers/user.go:466.2,466.97 1 0
healthcare/controllers/user.go:469.42,471.53 2 1
healthcare/controllers/user.go:471.53,473.3 1 0
healthcare/controllers/user.go:475.2,475.67 1 1
healthcare/controllers/user.go:475.67,477.3 1 1
healthcare/controllers/user.go:480.2,480.108 1 0
healthcare/controllers/user.go:480.108,482.3 1 0
healthcare/controllers/user.go:484.2,484.106 1 0
